time: 01/11/2022 11:37:10 Request Url: /rotaTeste Request Type: GET Status Code: 200
time: 01/11/2022 11:37:10 Request Url: /rotaTeste Request Type: GET Status Code: 200 Error: Error
time: 01/11/2022 11:37:23 Request Url: /rotaTeste Request Type: GET Status Code: 200
time: 01/11/2022 11:37:31 Request Url: /rotaTeste Request Type: GET Status Code: 200
time: 01/11/2022 11:37:31 Request Url: /rotaTeste Request Type: GET Status Code: 200 Error: Error
time: 01/11/2022 11:37:41 Request Url: /rotaTeste Request Type: GET Status Code: 200
time: 01/11/2022 11:37:42 Request Url: /rotaTeste Request Type: GET Status Code: 200
time: 01/11/2022 11:37:47 Request Url: /api/allServiceInformation Request Type: GET Status Code: 200
time: 01/11/2022 11:37:51 Request Url: /api/cronetwork/workOrderDetails Request Type: GET Status Code: 200
time: 01/11/2022 11:37:58 Request Url: /api/pass/machineEvent Request Type: GET Status Code: 200
time: 01/11/2022 11:38:19 Request Url: /api/pass/machineEvent Request Type: GET Status Code: 200
time: 01/11/2022 11:38:21 Request Url: /api/cronetwork/workOrderDetails Request Type: GET Status Code: 200
time: 01/11/2022 11:38:22 Request Url: /api/cronetwork/workOrderDetails Request Type: GET Status Code: 200
time: 01/11/2022 11:38:25 Request Url: /api/trigger/1 Request Type: GET Status Code: 200
time: 01/11/2022 11:38:27 Request Url: /api/trigger Request Type: GET Status Code: 200
time: 01/11/2022 11:38:32 Request Url: /api/trigger/3 Request Type: GET Status Code: 200
time: 01/11/2022 11:38:58 Request Url: /api/trigger Request Type: GET Status Code: 200
01/11/2022 11:42:42 Request Url: '/api/trigger' Request Type: GET Status Code: 200
01/11/2022 11:43:05 Request Url: '/api/trigger' Request Type: 'GET' Status Code: 200
01/11/2022 11:43:23 Request Url: '/api/trigger' Request Type: 'GET' Status Code: 200
01/11/2022 11:43:23 Request Url: '/api/trigger' Request Type: 'GET' Status Code: 200
01/11/2022 11:43:24 Request Url: '/api/trigger' Request Type: 'GET' Status Code: 200
[01/11/2022 11:44:29] Request Url: '/api/trigger' Request Type: 'GET' Status Code: 200
[01/11/2022 11:44:41] Request Url: '/api/trigger' Request Type: 'GET' Status Code: 200
[01/11/2022 11:44:41] Request Url: '/api/trigger' Request Type: 'GET' Status Code: 200
[01/11/2022 11:44:42] Request Url: '/api/trigger' Request Type: 'GET' Status Code: 200
[01/11/2022 11:44:51] Request Url: '/api/trigger' Request Type: 'GET' Status Code: 200
[01/11/2022 11:44:51] Request Url: '/api/trigger' Request Type: 'GET' Status Code: 200 Error: Error
[01/11/2022 11:44:58] Request Url: '/api/trigger' Request Type: 'GET' Status Code: 200
[01/11/2022 11:45:02] Request Url: '/api/trigger' Request Type: 'GET' Status Code: 200
[01/11/2022 11:45:25] Request Url: '/api/trigger' Request Type: 'GET' Status Code: 200
[01/11/2022 11:45:33] Request Url: '/api/trigger' Request Type: 'GET' Status Code: 200
[01/11/2022 11:45:37] Request Url: '/api/trigger' Request Type: 'GET' Status Code: 200
[01/11/2022 11:45:37] Request Url: '/api/trigger' Request Type: 'GET' Status Code: 200
[01/11/2022 13:18:49] Request Url: '/api/trigger' Request Type: 'GET' Status Code: 200
[01/11/2022 13:22:14] Request Url: '/api/trigger' Request Type: 'GET' Status Code: 200
[01/11/2022 13:22:14] Request Url: '/api/trigger' Request Type: 'GET' Status Code: 200 [object Object]
[01/11/2022 13:22:38] Request Url: '/api/trigger' Request Type: 'GET' Status Code: 200
[01/11/2022 13:22:38] Request Url: '/api/trigger' Request Type: 'GET' Status Code: 200 [object Object]
[01/11/2022 13:23:09] Request Url: '/api/trigger' Request Type: 'GET' Status Code: 200
[01/11/2022 13:23:09] Request Url: '/api/trigger' Request Type: 'GET' Status Code: 200 [object Object]
[01/11/2022 13:24:29] Request Url: '/api/trigger' Request Type: 'GET' Status Code: 200
[01/11/2022 13:25:26] Request Url: '/api/trigger' Request Type: 'GET' Status Code: 200
[01/11/2022 13:25:26] Request Url: '/api/trigger' Request Type: 'GET' Status Code: 200 [object Object]
[01/11/2022 13:27:50] Request Url: '/api/trigger' Request Type: 'GET' Status Code: 200
[01/11/2022 13:27:50] Request Url: '/api/trigger' Request Type: 'GET' Status Code: 200 function toString() { [native code] }
[01/11/2022 13:28:09] Request Url: '/api/trigger' Request Type: 'GET' Status Code: 200
[01/11/2022 13:28:09] Request Url: '/api/trigger' Request Type: 'GET' Status Code: 200 0[01/11/2022 13:28:20] Request Url: '/api/trigger' Request Type: 'GET' Status Code: 200
[01/11/2022 13:28:20] Request Url: '/api/trigger' Request Type: 'GET' Status Code: 200 0[01/11/2022 13:28:52] Request Url: '/api/trigger' Request Type: 'GET' Status Code: 200
[01/11/2022 13:28:52] Request Url: '/api/trigger' Request Type: 'GET' Status Code: 200 0[01/11/2022 13:29:25] Request Url: '/api/trigger' Request Type: 'GET' Status Code: 200
[01/11/2022 13:29:25] Request Url: '/api/trigger' Request Type: 'GET' Status Code: 200 0[01/11/2022 13:30:06] Request Url: '/api/trigger' Request Type: 'GET' Status Code: 200
[01/11/2022 13:30:42] Request Url: '/api/trigger' Request Type: 'GET' Status Code: 200
[01/11/2022 13:31:17] Request Url: '/api/trigger' Request Type: 'GET' Status Code: 200
[01/11/2022 13:31:17] Request Url: '/api/trigger' Request Type: 'GET' Status Code: 200 Error: Error
[01/11/2022 13:33:10] Request Url: '/api/trigger' Request Type: 'GET' Status Code: 200
[01/11/2022 13:33:28] Request Url: '/api/trigger' Request Type: 'GET' Status Code: 200
[01/11/2022 13:34:10] Request Url: '/api/trigger' Request Type: 'GET' Status Code: 200
[01/11/2022 13:34:10] Request Url: '/api/trigger' Request Type: 'GET' Status Code: 200 Error: Error
[01/11/2022 13:34:45] Request Url: '/api/trigger' Request Type: 'GET' Status Code: 200
[01/11/2022 13:34:45] Request Url: '/api/trigger' Request Type: 'GET' Status Code: 200 Error: Error
[01/11/2022 13:34:59] Request Url: '/api/trigger' Request Type: 'GET' Status Code: 200
[01/11/2022 13:34:59] Request Url: '/api/trigger' Request Type: 'GET' Status Code: 200 Error: Error
[01/11/2022 13:36:49] Request Url: '/api/trigger' Request Type: 'GET' Status Code: 200
[01/11/2022 13:36:49] Request Url: '/api/trigger' Request Type: 'GET' Status Code: 200 Error: Error
[01/11/2022 13:37:09] Request Url: '/api/trigger' Request Type: 'GET' Status Code: 200
[01/11/2022 13:37:09] Request Url: '/api/trigger' Request Type: 'GET' Status Code: 200 Error: Error
[01/11/2022 13:38:28] Request Url: '/api/trigger' Request Type: 'GET' Status Code: 200
[01/11/2022 13:38:28] Request Url: '/api/trigger' Request Type: 'GET' Status Code: 200 Error
[01/11/2022 13:38:43] Request Url: '/api/trigger' Request Type: 'GET' Status Code: 200
[01/11/2022 13:38:43] Request Url: '/api/trigger' Request Type: 'GET' Status Code: 200 Error: Error
    at handlerError (C:\WebServer\Apache24\htdocs\EasyVueApi\src\infra\api\middlewares\error.ts:52:13)
    at processTicksAndRejections (node:internal/process/task_queues:96:5)
[01/11/2022 13:39:46] Request Url: '/api/trigger' Request Type: 'GET' Status Code: 200
[01/11/2022 13:39:46] Request Url: '/api/trigger' Request Type: 'GET' Status Code: 200 Error: Error
[01/11/2022 13:39:57] Request Url: '/api/trigger' Request Type: 'GET' Status Code: 200
[01/11/2022 13:39:57] Request Url: '/api/trigger' Request Type: 'GET' Status Code: 200 Error: Error
    at handlerError (C:\WebServer\Apache24\htdocs\EasyVueApi\src\infra\api\middlewares\error.ts:52:13)
    at processTicksAndRejections (node:internal/process/task_queues:96:5)
[01/11/2022 13:40:10] Request Url: '/api/trigger' Request Type: 'GET' Status Code: 200
[01/11/2022 13:40:12] Request Url: '/api/trigger' Request Type: 'GET' Status Code: 200
[01/11/2022 13:40:29] Request Url: '/api/trigger' Request Type: 'GET' Status Code: 200
[01/11/2022 13:40:46] Request Url: '/api/trigger' Request Type: 'GET' Status Code: 200
[01/11/2022 13:40:50] Request Url: '/api/trigger' Request Type: 'GET' Status Code: 200
[01/11/2022 13:41:03] Request Url: '/api/trigger' Request Type: 'GET' Status Code: 200
[01/11/2022 13:42:47] Request Url: '/api/trigger' Request Type: 'GET' Status Code: 200
[01/11/2022 13:42:47] Request Url: '/api/trigger' Request Type: 'GET' Status Code: 200 Error: Internet Connection
    at handlerError (C:\WebServer\Apache24\htdocs\EasyVueApi\src\infra\api\middlewares\error.ts:52:13)
    at processTicksAndRejections (node:internal/process/task_queues:96:5)
[01/11/2022 13:46:27] Request Url: '/api/trigger' Request Type: 'GET' Status Code: 200
[01/11/2022 13:46:27] Request Url: '/api/trigger' Request Type: 'GET' Status Code: 200 Error: Internet Connection
    at handlerError (C:\WebServer\Apache24\htdocs\EasyVueApi\src\infra\api\middlewares\error.ts:52:13)
    at processTicksAndRejections (node:internal/process/task_queues:96:5)
[01/11/2022 13:46:46] Request Url: '/api/trigger' Request Type: 'GET' Status Code: 200
[01/11/2022 13:46:46] Request Url: '/api/trigger' Request Type: 'GET' Status Code: 200 Error: Not found
    at handlerError (C:\WebServer\Apache24\htdocs\EasyVueApi\src\infra\api\middlewares\error.ts:52:13)
    at processTicksAndRejections (node:internal/process/task_queues:96:5)
[01/11/2022 13:48:51] Request Url: '/api/trigger' Request Type: 'GET' Status Code: 200
[01/11/2022 13:49:15] Request Url: '/api/trigger' Request Type: 'GET' Status Code: 200
[01/11/2022 13:49:15] Request Url: '/api/trigger' Request Type: 'GET' Status Code: 200 Error: Error
    at handlerError (C:\WebServer\Apache24\htdocs\EasyVueApi\src\infra\api\middlewares\error.ts:52:13)
    at processTicksAndRejections (node:internal/process/task_queues:96:5)
[01/11/2022 13:49:51] Request Url: '/api/trigger' Request Type: 'GET' Status Code: 200
[01/11/2022 13:49:51] Request Url: '/api/trigger' Request Type: 'GET' Status Code: 200 Error: Error
    at handlerError (C:\WebServer\Apache24\htdocs\EasyVueApi\src\infra\api\middlewares\error.ts:52:13)
    at processTicksAndRejections (node:internal/process/task_queues:96:5)404
[01/11/2022 13:50:46] Request Url: '/api/trigger' Request Type: 'GET' Status Code: 200
[01/11/2022 13:50:48] Request Url: '/api/trigger' Request Type: 'GET' Status Code: 200
[01/11/2022 13:50:48] Request Url: '/api/trigger' Request Type: 'GET' Status Code: 200
[01/11/2022 13:50:49] Request Url: '/api/trigger' Request Type: 'GET' Status Code: 200
[01/11/2022 13:50:59] Request Url: '/api/trigger' Request Type: 'GET' Status Code: 200
[01/11/2022 13:50:59] Request Url: '/api/trigger' Request Type: 'GET' Error: Error
    at handlerError (C:\WebServer\Apache24\htdocs\EasyVueApi\src\infra\api\middlewares\error.ts:50:13)
    at processTicksAndRejections (node:internal/process/task_queues:96:5)404
[01/11/2022 13:51:21] Request Url: '/api/trigger' Request Type: 'GET' Status Code: 200
[01/11/2022 13:51:21] Request Url: '/api/trigger' Request Type: 'GET' 404Error: Error
    at handlerError (C:\WebServer\Apache24\htdocs\EasyVueApi\src\infra\api\middlewares\error.ts:50:13)
    at processTicksAndRejections (node:internal/process/task_queues:96:5)
[01/11/2022 13:51:37] Request Url: '/api/trigger' Request Type: 'GET' Status Code: 200
[01/11/2022 13:51:37] Request Url: '/api/trigger' Request Type: 'GET' 404 Error: Error
    at handlerError (C:\WebServer\Apache24\htdocs\EasyVueApi\src\infra\api\middlewares\error.ts:50:13)
    at processTicksAndRejections (node:internal/process/task_queues:96:5)
[01/11/2022 13:52:06] Request Url: '/api/trigger' Request Type: 'GET' Status Code: 200
[01/11/2022 13:52:06] Request Url: '/api/trigger' Request Type: 'GET' Status Code: 404 Error: Error
    at handlerError (C:\WebServer\Apache24\htdocs\EasyVueApi\src\infra\api\middlewares\error.ts:50:13)
    at processTicksAndRejections (node:internal/process/task_queues:96:5)
[01/11/2022 13:54:38] Request Url: '/api/trigger' Request Type: 'GET' Status Code: 200
[01/11/2022 13:54:41] Request Url: '/api/trigger' Request Type: 'GET' Status Code: 200
[01/11/2022 13:55:48] Request Url: '/api/trigger' Request Type: 'GET' Status Code: 200
[01/11/2022 13:56:12] Request Url: '/api/trigger' Request Type: 'GET' Status Code: 200
[01/11/2022 13:56:15] Request Url: '/api/trigger/3' Request Type: 'GET' Status Code: 200
[01/11/2022 13:59:06] Request Url: '/rotaTeste' Request Type: 'GET' Status Code: 200
[01/11/2022 13:59:47] Request Url: '/rotaTeste' Request Type: 'GET' Status Code: 200
[01/11/2022 14:00:29] Request Url: '/rotaTeste' Request Type: 'GET' Status Code: 200
[01/11/2022 14:00:48] Request Url: '/rotaTeste' Request Type: 'GET' Status Code: 200
[01/11/2022 14:01:46] Request Url: '/rotaTeste' Request Type: 'GET' Status Code: 200
[01/11/2022 14:02:05] Request Url: '/rotaTeste' Request Type: 'GET' Status Code: 200
[01/11/2022 14:02:05] Request Url: '/rotaTeste' Request Type: 'GET' Status Code: 404 Error: Error
    at handlerError (C:\WebServer\Apache24\htdocs\EasyVueApi\src\infra\api\middlewares\error.ts:50:13)
    at processTicksAndRejections (node:internal/process/task_queues:96:5)z
[03/11/2022 08:32:07] Request Url: '/rotaTeste' Request Type: 'GET' Status Code: 200
[03/11/2022 08:32:07] Request Url: '/rotaTeste' Request Type: 'GET' Status Code: 404 Error: Error
    at handlerError (C:\WebServer\Apache24\htdocs\EasyVueApi\src\infra\api\middlewares\error.ts:51:10)
    at processTicksAndRejections (node:internal/process/task_queues:96:5)
[03/11/2022 08:32:23] Request Url: '/rotaTeste' Request Type: 'GET' Status Code: 200
[03/11/2022 08:32:23] Request Url: '/rotaTeste' Request Type: 'GET' Status Code: 200
[03/11/2022 08:32:24] Request Url: '/rotaTeste' Request Type: 'GET' Status Code: 200
[03/11/2022 08:32:26] Request Url: '/api/trigger' Request Type: 'GET' Status Code: 200
[03/11/2022 08:32:27] Request Url: '/api/trigger' Request Type: 'GET' Status Code: 200
[03/11/2022 08:32:27] Request Url: '/api/trigger' Request Type: 'GET' Status Code: 200
[03/11/2022 08:32:27] Request Url: '/api/trigger' Request Type: 'GET' Status Code: 200
[03/11/2022 08:32:28] Request Url: '/api/trigger' Request Type: 'GET' Status Code: 200
[03/11/2022 08:32:28] Request Url: '/api/trigger' Request Type: 'GET' Status Code: 200
[03/11/2022 08:32:28] Request Url: '/api/trigger' Request Type: 'GET' Status Code: 200
[03/11/2022 08:32:28] Request Url: '/api/trigger' Request Type: 'GET' Status Code: 200
[03/11/2022 08:32:29] Request Url: '/api/trigger' Request Type: 'GET' Status Code: 200
[03/11/2022 08:32:29] Request Url: '/api/trigger' Request Type: 'GET' Status Code: 200
[03/11/2022 08:32:29] Request Url: '/api/trigger' Request Type: 'GET' Status Code: 200
[03/11/2022 08:32:53] Request Url: '/api/trigger/3' Request Type: 'GET' Status Code: 200
[03/11/2022 08:33:36] Request Url: '/api/trigger/3' Request Type: 'GET' Status Code: 200
[03/11/2022 08:33:40] Request Url: '/api/trigger/3' Request Type: 'GET' Status Code: 200
[03/11/2022 08:35:41] Request Url: '/api/trigger' Request Type: 'GET' Status Code: 200
[03/11/2022 08:35:48] Request Url: '/rotaTeste' Request Type: 'GET' Status Code: 200
[03/11/2022 08:36:59] Request Url: '/rotaTeste' Request Type: 'GET' Status Code: 200
[03/11/2022 08:36:59] Request Url: '/rotaTeste' Request Type: 'GET' Status Code: 200
[03/11/2022 08:36:59] Request Url: '/rotaTeste' Request Type: 'GET' Status Code: 200
[03/11/2022 08:43:51] Request Url: '/rotaTeste' Request Type: 'GET' Status Code: 200
[03/11/2022 08:43:52] Request Url: '/rotaTeste' Request Type: 'GET' Status Code: 200
[03/11/2022 08:52:58] Request Url: '/rotaTeste' Request Type: 'GET' Status Code: 200
[03/11/2022 08:53:41] Request Url: '/rotaTeste' Request Type: 'GET' Status Code: 200
[03/11/2022 08:54:20] Request Url: '/rotaTeste' Request Type: 'GET' Status Code: 200
[03/11/2022 08:57:08] Request Url: '/rotaTeste' Request Type: 'GET' Status Code: 200
[03/11/2022 08:57:26] Request Url: '/rotaTeste' Request Type: 'GET' Status Code: 200
[03/11/2022 08:57:27] Request Url: '/rotaTeste' Request Type: 'GET' Status Code: 200
[03/11/2022 08:58:17] Request Url: '/rotaTeste' Request Type: 'GET' Status Code: 200
[03/11/2022 08:58:18] Request Url: '/rotaTeste' Request Type: 'GET' Status Code: 200
[03/11/2022 08:58:40] Request Url: '/rotaTeste' Request Type: 'GET' Status Code: 200
[03/11/2022 08:58:41] Request Url: '/rotaTeste' Request Type: 'GET' Status Code: 200
[03/11/2022 08:58:42] Request Url: '/rotaTeste' Request Type: 'GET' Status Code: 200
[03/11/2022 08:58:42] Request Url: '/rotaTeste' Request Type: 'GET' Status Code: 200
[03/11/2022 09:08:05] Request Url: '/rotaTeste' Request Type: 'GET' Status Code: 200
[03/11/2022 09:08:42] Request Url: '/rotaTeste' Request Type: 'GET' Status Code: 200
[03/11/2022 09:08:42] Request Url: '/rotaTeste' Request Type: 'GET' Status Code: 200
[03/11/2022 09:08:42] Request Url: '/rotaTeste' Request Type: 'GET' Status Code: 200
[03/11/2022 09:08:43] Request Url: '/rotaTeste' Request Type: 'GET' Status Code: 200
[03/11/2022 09:08:43] Request Url: '/rotaTeste' Request Type: 'GET' Status Code: 200
[03/11/2022 09:08:43] Request Url: '/rotaTeste' Request Type: 'GET' Status Code: 200
[03/11/2022 09:08:43] Request Url: '/rotaTeste' Request Type: 'GET' Status Code: 200
[03/11/2022 09:08:43] Request Url: '/rotaTeste' Request Type: 'GET' Status Code: 200
[03/11/2022 09:08:44] Request Url: '/rotaTeste' Request Type: 'GET' Status Code: 200
[03/11/2022 09:08:44] Request Url: '/rotaTeste' Request Type: 'GET' Status Code: 200
[03/11/2022 09:08:44] Request Url: '/rotaTeste' Request Type: 'GET' Status Code: 200
[03/11/2022 09:08:44] Request Url: '/rotaTeste' Request Type: 'GET' Status Code: 200
[03/11/2022 09:08:44] Request Url: '/rotaTeste' Request Type: 'GET' Status Code: 200
[03/11/2022 09:08:44] Request Url: '/rotaTeste' Request Type: 'GET' Status Code: 200
[03/11/2022 09:08:45] Request Url: '/rotaTeste' Request Type: 'GET' Status Code: 200
[03/11/2022 09:08:45] Request Url: '/rotaTeste' Request Type: 'GET' Status Code: 200
[03/11/2022 09:08:45] Request Url: '/rotaTeste' Request Type: 'GET' Status Code: 200
[03/11/2022 09:08:45] Request Url: '/rotaTeste' Request Type: 'GET' Status Code: 200
[03/11/2022 09:08:45] Request Url: '/rotaTeste' Request Type: 'GET' Status Code: 200
[03/11/2022 09:08:46] Request Url: '/rotaTeste' Request Type: 'GET' Status Code: 200
[03/11/2022 09:08:46] Request Url: '/rotaTeste' Request Type: 'GET' Status Code: 200
[03/11/2022 09:14:16] Request Url: '/rotaTeste' Request Type: 'GET' Status Code: 200
[03/11/2022 09:27:57] Request Url: '/rotaTeste' Request Type: 'GET' Status Code: 200
[03/11/2022 09:27:58] Request Url: '/rotaTeste' Request Type: 'GET' Status Code: 200
[03/11/2022 09:28:13] Request Url: '/teste3' Request Type: 'GET' Status Code: 200
[03/11/2022 09:29:56] Request Url: '/rotaTeste' Request Type: 'GET' Status Code: 200
[03/11/2022 09:30:07] Request Url: '/rotaTeste' Request Type: 'GET' Status Code: 200
[03/11/2022 09:30:08] Request Url: '/rotaTeste' Request Type: 'GET' Status Code: 200
[03/11/2022 09:30:12] Request Url: '/rotaTeste' Request Type: 'GET' Status Code: 200
[03/11/2022 09:30:13] Request Url: '/rotaTeste' Request Type: 'GET' Status Code: 200
[03/11/2022 09:33:35] Request Url: '/rotaTeste' Request Type: 'GET' Status Code: 200
[03/11/2022 09:33:39] Request Url: '/teste3' Request Type: 'GET' Status Code: 200
[03/11/2022 09:33:47] Request Url: '/api/allServiceInformation' Request Type: 'GET' Status Code: 200
[03/11/2022 09:33:49] Request Url: '/rotaTeste' Request Type: 'GET' Status Code: 200
[03/11/2022 09:34:42] Request Url: '/rotaTeste' Request Type: 'GET' Status Code: 200
[03/11/2022 09:35:29] Request Url: '/rotaTeste' Request Type: 'GET' Status Code: 200
[03/11/2022 09:36:01] Request Url: '/rotaTeste' Request Type: 'GET' Status Code: 200
[03/11/2022 09:37:26] Request Url: '/rotaTeste' Request Type: 'GET' Status Code: 200
[03/11/2022 09:37:26] Request Url: '/rotaTeste' Request Type: 'GET' Status Code: 404 Error: Error
    at handlerError (C:\WebServer\Apache24\htdocs\EasyVueApi\src\infra\api\middlewares\error.ts:30:10)
    at processTicksAndRejections (node:internal/process/task_queues:96:5)
[03/11/2022 09:37:37] Request Url: '/rotaTeste' Request Type: 'GET' Status Code: 200
[03/11/2022 09:37:44] Request Url: '/rotaTeste' Request Type: 'GET' Status Code: 200
[03/11/2022 09:39:36] Request Url: '/rotaTeste' Request Type: 'GET' Status Code: 200
[03/11/2022 09:39:58] Request Url: '/rotaTeste' Request Type: 'GET' Status Code: 200
[03/11/2022 09:39:59] Request Url: '/rotaTeste' Request Type: 'GET' Status Code: 200
[03/11/2022 09:44:16] Request Url: '/rotaTeste' Request Type: 'GET' Status Code: 200
[03/11/2022 09:44:44] Request Url: '/rotaTeste' Request Type: 'GET' Status Code: 200
[03/11/2022 09:44:53] Request Url: '/rotaTeste' Request Type: 'GET' Status Code: 200
[03/11/2022 09:46:39] Request Url: '/rotaTeste' Request Type: 'GET' Status Code: 200
[03/11/2022 09:47:07] Request Url: '/rotaTeste' Request Type: 'GET' Status Code: 200
[03/11/2022 09:47:17] Request Url: '/rotaTeste' Request Type: 'GET' Status Code: 200
[03/11/2022 09:51:32] Request Url: '/rotaTeste' Request Type: 'GET' Status Code: 200
[03/11/2022 09:51:45] Request Url: '/rotaTeste' Request Type: 'GET' Status Code: 200
[03/11/2022 09:52:13] Request Url: '/rotaTeste' Request Type: 'GET' Status Code: 200
[03/11/2022 09:52:17] Request Url: '/rotaTeste' Request Type: 'GET' Status Code: 200
[03/11/2022 09:52:18] Request Url: '/rotaTeste' Request Type: 'GET' Status Code: 200
[03/11/2022 09:52:20] Request Url: '/rotaTeste' Request Type: 'GET' Status Code: 200
[03/11/2022 09:53:20] Request Url: '/rotaTeste' Request Type: 'GET' Status Code: 200
[03/11/2022 09:53:55] Request Url: '/rotaTeste' Request Type: 'GET' Status Code: 200
[03/11/2022 09:54:17] Request Url: '/rotaTeste' Request Type: 'GET' Status Code: 200
[03/11/2022 09:56:17] Request Url: '/rotaTeste' Request Type: 'GET' Status Code: 200
[03/11/2022 09:59:28] Request Url: '/rotaTeste' Request Type: 'GET' Status Code: 200
[03/11/2022 10:02:44] Request Url: '/rotaTeste' Request Type: 'GET' Status Code: 200
[03/11/2022 10:02:45] Request Url: '/rotaTeste' Request Type: 'GET' Status Code: 200
[03/11/2022 10:02:45] Request Url: '/rotaTeste' Request Type: 'GET' Status Code: 200
[03/11/2022 10:11:30] Request Url: '/rotaTeste' Request Type: 'GET' Status Code: 200
[03/11/2022 10:12:14] Request Url: '/rotaTeste' Request Type: 'GET' Status Code: 200
[03/11/2022 10:12:19] Request Url: '/rotaTeste' Request Type: 'GET' Status Code: 200
[03/11/2022 10:13:02] Request Url: '/rotaTeste' Request Type: 'GET' Status Code: 200
[03/11/2022 10:13:13] Request Url: '/rotaTeste' Request Type: 'GET' Status Code: 200
[03/11/2022 10:13:25] Request Url: '/rotaTeste' Request Type: 'GET' Status Code: 200
[03/11/2022 10:13:26] Request Url: '/rotaTeste' Request Type: 'GET' Status Code: 200
[03/11/2022 10:14:36] Request Url: '/rotaTeste' Request Type: 'GET' Status Code: 200
[03/11/2022 10:17:37] Request Url: '/rotaTeste' Request Type: 'GET' Status Code: 200
[03/11/2022 10:27:32] Request Url: '/rotaTeste' Request Type: 'GET' Status Code: 200
[03/11/2022 10:27:33] Request Url: '/rotaTeste' Request Type: 'GET' Status Code: 200
[03/11/2022 10:27:34] Request Url: '/rotaTeste' Request Type: 'GET' Status Code: 200
[03/11/2022 10:27:44] Request Url: '/rotaTeste' Request Type: 'GET' Status Code: 200
[03/11/2022 10:40:59] Request Url: '/rotaTeste' Request Type: 'GET' Status Code: 200
[03/11/2022 11:08:27] Request Url: '/rotaTeste' Request Type: 'GET' Status Code: 200
[03/11/2022 11:10:07] Request Url: '/rotaTeste' Request Type: 'GET' Status Code: 200
[03/11/2022 11:14:45] Request Url: '/rotaTeste' Request Type: 'GET' Status Code: 200
[03/11/2022 11:15:07] Request Url: '/rotaTeste' Request Type: 'GET' Status Code: 200
[03/11/2022 11:20:08] Request Url: '/rotaTeste' Request Type: 'GET' Status Code: 200
[03/11/2022 11:22:55] Request Url: '/rotaTeste' Request Type: 'GET' Status Code: 200
[03/11/2022 11:22:59] Request Url: '/api/cronetwork/workOrderDetails' Request Type: 'GET' Status Code: 200
[03/11/2022 11:23:19] Request Url: '/api/cronetwork/workOrderDetails' Request Type: 'GET' Status Code: 200
[03/11/2022 11:23:19] Request Url: '/api/cronetwork/workOrderDetails' Request Type: 'GET' Status Code: 404 Error: Error
    at handlerError (C:\WebServer\Apache24\htdocs\EasyVueApi\src\infra\api\middlewares\error.ts:29:10)
    at newFn (C:\WebServer\Apache24\htdocs\EasyVueApi\node_modules\express-async-errors\index.js:16:20)
    at Layer.handle [as handle_request] (C:\WebServer\Apache24\htdocs\EasyVueApi\node_modules\express\lib\router\layer.js:95:5)
    at trim_prefix (C:\WebServer\Apache24\htdocs\EasyVueApi\node_modules\express\lib\router\index.js:328:13)
    at C:\WebServer\Apache24\htdocs\EasyVueApi\node_modules\express\lib\router\index.js:286:9
    at Function.process_params (C:\WebServer\Apache24\htdocs\EasyVueApi\node_modules\express\lib\router\index.js:346:12)
    at next (C:\WebServer\Apache24\htdocs\EasyVueApi\node_modules\express\lib\router\index.js:280:10)
    at jsonParser (C:\WebServer\Apache24\htdocs\EasyVueApi\node_modules\body-parser\lib\types\json.js:110:7)
    at newFn (C:\WebServer\Apache24\htdocs\EasyVueApi\node_modules\express-async-errors\index.js:16:20)
    at Layer.handle [as handle_request] (C:\WebServer\Apache24\htdocs\EasyVueApi\node_modules\express\lib\router\layer.js:95:5)
[03/11/2022 11:23:39] Request Url: '/rotaTeste' Request Type: 'GET' Status Code: 200
[03/11/2022 11:25:19] Request Url: '/api/trigger/3' Request Type: 'GET' Status Code: 200
[03/11/2022 11:26:24] Request Url: '/api/trigger/3' Request Type: 'GET' Status Code: 200
[03/11/2022 11:26:33] Request Url: '/api/trigger/3' Request Type: 'GET' Status Code: 200
[03/11/2022 11:27:04] Request Url: '/api/trigger/3' Request Type: 'GET' Status Code: 200
[03/11/2022 11:27:06] Request Url: '/api/trigger/3' Request Type: 'GET' Status Code: 200
[03/11/2022 11:27:09] Request Url: '/api/trigger/3' Request Type: 'GET' Status Code: 200
[03/11/2022 11:27:36] Request Url: '/api/trigger/3' Request Type: 'GET' Status Code: 200
[03/11/2022 11:30:23] Request Url: '/api/trigger/3' Request Type: 'GET' Status Code: 200
[03/11/2022 11:31:27] Request Url: '/api/trigger/3' Request Type: 'GET' Status Code: 200
[03/11/2022 13:50:24] Request Url: '/api/trigger/3' Request Type: 'GET' Status Code: 404 Error: Error
    at handlerError (C:\WebServer\Apache24\htdocs\EasyVueApi\src\infra\api\middlewares\error.ts:29:10)
    at newFn (C:\WebServer\Apache24\htdocs\EasyVueApi\node_modules\express-async-errors\index.js:16:20)
    at Layer.handle [as handle_request] (C:\WebServer\Apache24\htdocs\EasyVueApi\node_modules\express\lib\router\layer.js:95:5)
    at trim_prefix (C:\WebServer\Apache24\htdocs\EasyVueApi\node_modules\express\lib\router\index.js:328:13)
    at C:\WebServer\Apache24\htdocs\EasyVueApi\node_modules\express\lib\router\index.js:286:9
    at Function.process_params (C:\WebServer\Apache24\htdocs\EasyVueApi\node_modules\express\lib\router\index.js:346:12)
    at next (C:\WebServer\Apache24\htdocs\EasyVueApi\node_modules\express\lib\router\index.js:280:10)
    at jsonParser (C:\WebServer\Apache24\htdocs\EasyVueApi\node_modules\body-parser\lib\types\json.js:110:7)
    at newFn (C:\WebServer\Apache24\htdocs\EasyVueApi\node_modules\express-async-errors\index.js:16:20)
    at Layer.handle [as handle_request] (C:\WebServer\Apache24\htdocs\EasyVueApi\node_modules\express\lib\router\layer.js:95:5)
[03/11/2022 13:50:40] Request Url: '/api/trigger/3' Request Type: 'GET' Status Code: 404 Error: Error
    at handlerError (C:\WebServer\Apache24\htdocs\EasyVueApi\src\infra\api\middlewares\error.ts:29:10)
    at newFn (C:\WebServer\Apache24\htdocs\EasyVueApi\node_modules\express-async-errors\index.js:16:20)
    at Layer.handle [as handle_request] (C:\WebServer\Apache24\htdocs\EasyVueApi\node_modules\express\lib\router\layer.js:95:5)
    at trim_prefix (C:\WebServer\Apache24\htdocs\EasyVueApi\node_modules\express\lib\router\index.js:328:13)
    at C:\WebServer\Apache24\htdocs\EasyVueApi\node_modules\express\lib\router\index.js:286:9
    at Function.process_params (C:\WebServer\Apache24\htdocs\EasyVueApi\node_modules\express\lib\router\index.js:346:12)
    at next (C:\WebServer\Apache24\htdocs\EasyVueApi\node_modules\express\lib\router\index.js:280:10)
    at jsonParser (C:\WebServer\Apache24\htdocs\EasyVueApi\node_modules\body-parser\lib\types\json.js:110:7)
    at newFn (C:\WebServer\Apache24\htdocs\EasyVueApi\node_modules\express-async-errors\index.js:16:20)
    at Layer.handle [as handle_request] (C:\WebServer\Apache24\htdocs\EasyVueApi\node_modules\express\lib\router\layer.js:95:5)
[03/11/2022 13:51:05] Request Url: '/api/trigger/3' Request Type: 'GET' Status Code: 404 Error: Error
    at handlerError (C:\WebServer\Apache24\htdocs\EasyVueApi\src\infra\api\middlewares\error.ts:29:10)
    at newFn (C:\WebServer\Apache24\htdocs\EasyVueApi\node_modules\express-async-errors\index.js:16:20)
    at Layer.handle [as handle_request] (C:\WebServer\Apache24\htdocs\EasyVueApi\node_modules\express\lib\router\layer.js:95:5)
    at trim_prefix (C:\WebServer\Apache24\htdocs\EasyVueApi\node_modules\express\lib\router\index.js:328:13)
    at C:\WebServer\Apache24\htdocs\EasyVueApi\node_modules\express\lib\router\index.js:286:9
    at Function.process_params (C:\WebServer\Apache24\htdocs\EasyVueApi\node_modules\express\lib\router\index.js:346:12)
    at next (C:\WebServer\Apache24\htdocs\EasyVueApi\node_modules\express\lib\router\index.js:280:10)
    at jsonParser (C:\WebServer\Apache24\htdocs\EasyVueApi\node_modules\body-parser\lib\types\json.js:110:7)
    at newFn (C:\WebServer\Apache24\htdocs\EasyVueApi\node_modules\express-async-errors\index.js:16:20)
    at Layer.handle [as handle_request] (C:\WebServer\Apache24\htdocs\EasyVueApi\node_modules\express\lib\router\layer.js:95:5)
[03/11/2022 13:51:17] Request Url: '/api/trigger/3' Request Type: 'GET' Status Code: 404 Error: Error
    at handlerError (C:\WebServer\Apache24\htdocs\EasyVueApi\src\infra\api\middlewares\error.ts:29:10)
    at newFn (C:\WebServer\Apache24\htdocs\EasyVueApi\node_modules\express-async-errors\index.js:16:20)
    at Layer.handle [as handle_request] (C:\WebServer\Apache24\htdocs\EasyVueApi\node_modules\express\lib\router\layer.js:95:5)
    at trim_prefix (C:\WebServer\Apache24\htdocs\EasyVueApi\node_modules\express\lib\router\index.js:328:13)
    at C:\WebServer\Apache24\htdocs\EasyVueApi\node_modules\express\lib\router\index.js:286:9
    at Function.process_params (C:\WebServer\Apache24\htdocs\EasyVueApi\node_modules\express\lib\router\index.js:346:12)
    at next (C:\WebServer\Apache24\htdocs\EasyVueApi\node_modules\express\lib\router\index.js:280:10)
    at jsonParser (C:\WebServer\Apache24\htdocs\EasyVueApi\node_modules\body-parser\lib\types\json.js:110:7)
    at newFn (C:\WebServer\Apache24\htdocs\EasyVueApi\node_modules\express-async-errors\index.js:16:20)
    at Layer.handle [as handle_request] (C:\WebServer\Apache24\htdocs\EasyVueApi\node_modules\express\lib\router\layer.js:95:5)
[03/11/2022 13:51:31] Request Url: '/api/trigger/3' Request Type: 'GET' Status Code: 404 Error: Error
    at handlerError (C:\WebServer\Apache24\htdocs\EasyVueApi\src\infra\api\middlewares\error.ts:29:10)
    at newFn (C:\WebServer\Apache24\htdocs\EasyVueApi\node_modules\express-async-errors\index.js:16:20)
    at Layer.handle [as handle_request] (C:\WebServer\Apache24\htdocs\EasyVueApi\node_modules\express\lib\router\layer.js:95:5)
    at trim_prefix (C:\WebServer\Apache24\htdocs\EasyVueApi\node_modules\express\lib\router\index.js:328:13)
    at C:\WebServer\Apache24\htdocs\EasyVueApi\node_modules\express\lib\router\index.js:286:9
    at Function.process_params (C:\WebServer\Apache24\htdocs\EasyVueApi\node_modules\express\lib\router\index.js:346:12)
    at next (C:\WebServer\Apache24\htdocs\EasyVueApi\node_modules\express\lib\router\index.js:280:10)
    at jsonParser (C:\WebServer\Apache24\htdocs\EasyVueApi\node_modules\body-parser\lib\types\json.js:110:7)
    at newFn (C:\WebServer\Apache24\htdocs\EasyVueApi\node_modules\express-async-errors\index.js:16:20)
    at Layer.handle [as handle_request] (C:\WebServer\Apache24\htdocs\EasyVueApi\node_modules\express\lib\router\layer.js:95:5)
[03/11/2022 13:51:48] Request Url: '/api/trigger/3' Request Type: 'GET' Status Code: 500 Error: Rota teste erro
    at handlerError (C:\WebServer\Apache24\htdocs\EasyVueApi\src\infra\api\middlewares\error.ts:29:10)
    at newFn (C:\WebServer\Apache24\htdocs\EasyVueApi\node_modules\express-async-errors\index.js:16:20)
    at Layer.handle [as handle_request] (C:\WebServer\Apache24\htdocs\EasyVueApi\node_modules\express\lib\router\layer.js:95:5)
    at trim_prefix (C:\WebServer\Apache24\htdocs\EasyVueApi\node_modules\express\lib\router\index.js:328:13)
    at C:\WebServer\Apache24\htdocs\EasyVueApi\node_modules\express\lib\router\index.js:286:9
    at Function.process_params (C:\WebServer\Apache24\htdocs\EasyVueApi\node_modules\express\lib\router\index.js:346:12)
    at next (C:\WebServer\Apache24\htdocs\EasyVueApi\node_modules\express\lib\router\index.js:280:10)
    at jsonParser (C:\WebServer\Apache24\htdocs\EasyVueApi\node_modules\body-parser\lib\types\json.js:110:7)
    at newFn (C:\WebServer\Apache24\htdocs\EasyVueApi\node_modules\express-async-errors\index.js:16:20)
    at Layer.handle [as handle_request] (C:\WebServer\Apache24\htdocs\EasyVueApi\node_modules\express\lib\router\layer.js:95:5)
[03/11/2022 13:52:00] Request Url: '/api/trigger/3' Request Type: 'GET' Status Code: 500 Error: Rota teste erro
    at handlerError (C:\WebServer\Apache24\htdocs\EasyVueApi\src\infra\api\middlewares\error.ts:29:10)
    at newFn (C:\WebServer\Apache24\htdocs\EasyVueApi\node_modules\express-async-errors\index.js:16:20)
    at Layer.handle [as handle_request] (C:\WebServer\Apache24\htdocs\EasyVueApi\node_modules\express\lib\router\layer.js:95:5)
    at trim_prefix (C:\WebServer\Apache24\htdocs\EasyVueApi\node_modules\express\lib\router\index.js:328:13)
    at C:\WebServer\Apache24\htdocs\EasyVueApi\node_modules\express\lib\router\index.js:286:9
    at Function.process_params (C:\WebServer\Apache24\htdocs\EasyVueApi\node_modules\express\lib\router\index.js:346:12)
    at next (C:\WebServer\Apache24\htdocs\EasyVueApi\node_modules\express\lib\router\index.js:280:10)
    at jsonParser (C:\WebServer\Apache24\htdocs\EasyVueApi\node_modules\body-parser\lib\types\json.js:110:7)
    at newFn (C:\WebServer\Apache24\htdocs\EasyVueApi\node_modules\express-async-errors\index.js:16:20)
    at Layer.handle [as handle_request] (C:\WebServer\Apache24\htdocs\EasyVueApi\node_modules\express\lib\router\layer.js:95:5)
[04/11/2022 10:08:21] Request Url: '/api/trigger/3' Request Type: 'GET' Status Code: 500 Error: Rota teste erro
    at handlerError (C:\WebServer\Apache24\htdocs\EasyVueApi\src\infra\api\middlewares\error.ts:29:10)
    at newFn (C:\WebServer\Apache24\htdocs\EasyVueApi\node_modules\express-async-errors\index.js:16:20)
    at Layer.handle [as handle_request] (C:\WebServer\Apache24\htdocs\EasyVueApi\node_modules\express\lib\router\layer.js:95:5)
    at trim_prefix (C:\WebServer\Apache24\htdocs\EasyVueApi\node_modules\express\lib\router\index.js:328:13)
    at C:\WebServer\Apache24\htdocs\EasyVueApi\node_modules\express\lib\router\index.js:286:9
    at Function.process_params (C:\WebServer\Apache24\htdocs\EasyVueApi\node_modules\express\lib\router\index.js:346:12)
    at next (C:\WebServer\Apache24\htdocs\EasyVueApi\node_modules\express\lib\router\index.js:280:10)
    at jsonParser (C:\WebServer\Apache24\htdocs\EasyVueApi\node_modules\body-parser\lib\types\json.js:110:7)
    at newFn (C:\WebServer\Apache24\htdocs\EasyVueApi\node_modules\express-async-errors\index.js:16:20)
    at Layer.handle [as handle_request] (C:\WebServer\Apache24\htdocs\EasyVueApi\node_modules\express\lib\router\layer.js:95:5)
[04/11/2022 10:12:37] Request Url: '/api/trigger/3' Request Type: 'GET' Status Code: 500 Error: Rota teste erro
    at handlerError (C:\WebServer\Apache24\htdocs\EasyVueApi\src\infra\api\middlewares\error.ts:29:10)
    at newFn (C:\WebServer\Apache24\htdocs\EasyVueApi\node_modules\express-async-errors\index.js:16:20)
    at Layer.handle [as handle_request] (C:\WebServer\Apache24\htdocs\EasyVueApi\node_modules\express\lib\router\layer.js:95:5)
    at trim_prefix (C:\WebServer\Apache24\htdocs\EasyVueApi\node_modules\express\lib\router\index.js:328:13)
    at C:\WebServer\Apache24\htdocs\EasyVueApi\node_modules\express\lib\router\index.js:286:9
    at Function.process_params (C:\WebServer\Apache24\htdocs\EasyVueApi\node_modules\express\lib\router\index.js:346:12)
    at next (C:\WebServer\Apache24\htdocs\EasyVueApi\node_modules\express\lib\router\index.js:280:10)
    at jsonParser (C:\WebServer\Apache24\htdocs\EasyVueApi\node_modules\body-parser\lib\types\json.js:110:7)
    at newFn (C:\WebServer\Apache24\htdocs\EasyVueApi\node_modules\express-async-errors\index.js:16:20)
    at Layer.handle [as handle_request] (C:\WebServer\Apache24\htdocs\EasyVueApi\node_modules\express\lib\router\layer.js:95:5)
[04/11/2022 10:12:56] Request Url: '/api/trigger/3' Request Type: 'GET' Status Code: 500 Error: Rota teste erro
    at handlerError (C:\WebServer\Apache24\htdocs\EasyVueApi\src\infra\api\middlewares\error.ts:26:10)
    at newFn (C:\WebServer\Apache24\htdocs\EasyVueApi\node_modules\express-async-errors\index.js:16:20)
    at Layer.handle [as handle_request] (C:\WebServer\Apache24\htdocs\EasyVueApi\node_modules\express\lib\router\layer.js:95:5)
    at trim_prefix (C:\WebServer\Apache24\htdocs\EasyVueApi\node_modules\express\lib\router\index.js:328:13)
    at C:\WebServer\Apache24\htdocs\EasyVueApi\node_modules\express\lib\router\index.js:286:9
    at Function.process_params (C:\WebServer\Apache24\htdocs\EasyVueApi\node_modules\express\lib\router\index.js:346:12)
    at next (C:\WebServer\Apache24\htdocs\EasyVueApi\node_modules\express\lib\router\index.js:280:10)
    at jsonParser (C:\WebServer\Apache24\htdocs\EasyVueApi\node_modules\body-parser\lib\types\json.js:110:7)
    at newFn (C:\WebServer\Apache24\htdocs\EasyVueApi\node_modules\express-async-errors\index.js:16:20)
    at Layer.handle [as handle_request] (C:\WebServer\Apache24\htdocs\EasyVueApi\node_modules\express\lib\router\layer.js:95:5)
[04/11/2022 11:05:22] Request Url: '/api/trigger/3' Request Type: 'GET' Status Code: 500 Error: Rota teste erro
    at handlerError (C:\WebServer\Apache24\htdocs\EasyVueApi\src\infra\api\middlewares\error.ts:29:10)
    at newFn (C:\WebServer\Apache24\htdocs\EasyVueApi\node_modules\express-async-errors\index.js:16:20)
    at Layer.handle [as handle_request] (C:\WebServer\Apache24\htdocs\EasyVueApi\node_modules\express\lib\router\layer.js:95:5)
    at trim_prefix (C:\WebServer\Apache24\htdocs\EasyVueApi\node_modules\express\lib\router\index.js:328:13)
    at C:\WebServer\Apache24\htdocs\EasyVueApi\node_modules\express\lib\router\index.js:286:9
    at Function.process_params (C:\WebServer\Apache24\htdocs\EasyVueApi\node_modules\express\lib\router\index.js:346:12)
    at next (C:\WebServer\Apache24\htdocs\EasyVueApi\node_modules\express\lib\router\index.js:280:10)
    at jsonParser (C:\WebServer\Apache24\htdocs\EasyVueApi\node_modules\body-parser\lib\types\json.js:110:7)
    at newFn (C:\WebServer\Apache24\htdocs\EasyVueApi\node_modules\express-async-errors\index.js:16:20)
    at Layer.handle [as handle_request] (C:\WebServer\Apache24\htdocs\EasyVueApi\node_modules\express\lib\router\layer.js:95:5)
[04/11/2022 11:05:32] Request Url: '/api/trigger/3' Request Type: 'GET' Status Code: 500 Error: Rota teste erro
    at handlerError (C:\WebServer\Apache24\htdocs\EasyVueApi\src\infra\api\middlewares\error.ts:31:10)
    at newFn (C:\WebServer\Apache24\htdocs\EasyVueApi\node_modules\express-async-errors\index.js:16:20)
    at Layer.handle [as handle_request] (C:\WebServer\Apache24\htdocs\EasyVueApi\node_modules\express\lib\router\layer.js:95:5)
    at trim_prefix (C:\WebServer\Apache24\htdocs\EasyVueApi\node_modules\express\lib\router\index.js:328:13)
    at C:\WebServer\Apache24\htdocs\EasyVueApi\node_modules\express\lib\router\index.js:286:9
    at Function.process_params (C:\WebServer\Apache24\htdocs\EasyVueApi\node_modules\express\lib\router\index.js:346:12)
    at next (C:\WebServer\Apache24\htdocs\EasyVueApi\node_modules\express\lib\router\index.js:280:10)
    at jsonParser (C:\WebServer\Apache24\htdocs\EasyVueApi\node_modules\body-parser\lib\types\json.js:110:7)
    at newFn (C:\WebServer\Apache24\htdocs\EasyVueApi\node_modules\express-async-errors\index.js:16:20)
    at Layer.handle [as handle_request] (C:\WebServer\Apache24\htdocs\EasyVueApi\node_modules\express\lib\router\layer.js:95:5)
[04/11/2022 11:05:42] Request Url: '/api/trigger/3' Request Type: 'GET' Status Code: 500 Error: Rota teste erro
    at handlerError (C:\WebServer\Apache24\htdocs\EasyVueApi\src\infra\api\middlewares\error.ts:31:10)
    at newFn (C:\WebServer\Apache24\htdocs\EasyVueApi\node_modules\express-async-errors\index.js:16:20)
    at Layer.handle [as handle_request] (C:\WebServer\Apache24\htdocs\EasyVueApi\node_modules\express\lib\router\layer.js:95:5)
    at trim_prefix (C:\WebServer\Apache24\htdocs\EasyVueApi\node_modules\express\lib\router\index.js:328:13)
    at C:\WebServer\Apache24\htdocs\EasyVueApi\node_modules\express\lib\router\index.js:286:9
    at Function.process_params (C:\WebServer\Apache24\htdocs\EasyVueApi\node_modules\express\lib\router\index.js:346:12)
    at next (C:\WebServer\Apache24\htdocs\EasyVueApi\node_modules\express\lib\router\index.js:280:10)
    at jsonParser (C:\WebServer\Apache24\htdocs\EasyVueApi\node_modules\body-parser\lib\types\json.js:110:7)
    at newFn (C:\WebServer\Apache24\htdocs\EasyVueApi\node_modules\express-async-errors\index.js:16:20)
    at Layer.handle [as handle_request] (C:\WebServer\Apache24\htdocs\EasyVueApi\node_modules\express\lib\router\layer.js:95:5)
[04/11/2022 11:06:08] Request Url: '/api/trigger/3' Request Type: 'GET' Status Code: 500 Error: Rota teste erro
    at handlerError (C:\WebServer\Apache24\htdocs\EasyVueApi\src\infra\api\middlewares\error.ts:31:10)
    at newFn (C:\WebServer\Apache24\htdocs\EasyVueApi\node_modules\express-async-errors\index.js:16:20)
    at Layer.handle [as handle_request] (C:\WebServer\Apache24\htdocs\EasyVueApi\node_modules\express\lib\router\layer.js:95:5)
    at trim_prefix (C:\WebServer\Apache24\htdocs\EasyVueApi\node_modules\express\lib\router\index.js:328:13)
    at C:\WebServer\Apache24\htdocs\EasyVueApi\node_modules\express\lib\router\index.js:286:9
    at Function.process_params (C:\WebServer\Apache24\htdocs\EasyVueApi\node_modules\express\lib\router\index.js:346:12)
    at next (C:\WebServer\Apache24\htdocs\EasyVueApi\node_modules\express\lib\router\index.js:280:10)
    at jsonParser (C:\WebServer\Apache24\htdocs\EasyVueApi\node_modules\body-parser\lib\types\json.js:110:7)
    at newFn (C:\WebServer\Apache24\htdocs\EasyVueApi\node_modules\express-async-errors\index.js:16:20)
    at Layer.handle [as handle_request] (C:\WebServer\Apache24\htdocs\EasyVueApi\node_modules\express\lib\router\layer.js:95:5)
[04/11/2022 11:06:37] Request Url: '/api/trigger/3' Request Type: 'GET' Status Code: 500 Error: Rota teste erro
    at handlerError (C:\WebServer\Apache24\htdocs\EasyVueApi\src\infra\api\middlewares\error.ts:29:10)
    at newFn (C:\WebServer\Apache24\htdocs\EasyVueApi\node_modules\express-async-errors\index.js:16:20)
    at Layer.handle [as handle_request] (C:\WebServer\Apache24\htdocs\EasyVueApi\node_modules\express\lib\router\layer.js:95:5)
    at trim_prefix (C:\WebServer\Apache24\htdocs\EasyVueApi\node_modules\express\lib\router\index.js:328:13)
    at C:\WebServer\Apache24\htdocs\EasyVueApi\node_modules\express\lib\router\index.js:286:9
    at Function.process_params (C:\WebServer\Apache24\htdocs\EasyVueApi\node_modules\express\lib\router\index.js:346:12)
    at next (C:\WebServer\Apache24\htdocs\EasyVueApi\node_modules\express\lib\router\index.js:280:10)
    at jsonParser (C:\WebServer\Apache24\htdocs\EasyVueApi\node_modules\body-parser\lib\types\json.js:110:7)
    at newFn (C:\WebServer\Apache24\htdocs\EasyVueApi\node_modules\express-async-errors\index.js:16:20)
    at Layer.handle [as handle_request] (C:\WebServer\Apache24\htdocs\EasyVueApi\node_modules\express\lib\router\layer.js:95:5)
[04/11/2022 11:07:11] Request Url: '/api/trigger/3' Request Type: 'GET' Status Code: 500 Error: Rota teste erro
    at handlerError (C:\WebServer\Apache24\htdocs\EasyVueApi\src\infra\api\middlewares\error.ts:29:10)
    at newFn (C:\WebServer\Apache24\htdocs\EasyVueApi\node_modules\express-async-errors\index.js:16:20)
    at Layer.handle [as handle_request] (C:\WebServer\Apache24\htdocs\EasyVueApi\node_modules\express\lib\router\layer.js:95:5)
    at trim_prefix (C:\WebServer\Apache24\htdocs\EasyVueApi\node_modules\express\lib\router\index.js:328:13)
    at C:\WebServer\Apache24\htdocs\EasyVueApi\node_modules\express\lib\router\index.js:286:9
    at Function.process_params (C:\WebServer\Apache24\htdocs\EasyVueApi\node_modules\express\lib\router\index.js:346:12)
    at next (C:\WebServer\Apache24\htdocs\EasyVueApi\node_modules\express\lib\router\index.js:280:10)
    at jsonParser (C:\WebServer\Apache24\htdocs\EasyVueApi\node_modules\body-parser\lib\types\json.js:110:7)
    at newFn (C:\WebServer\Apache24\htdocs\EasyVueApi\node_modules\express-async-errors\index.js:16:20)
    at Layer.handle [as handle_request] (C:\WebServer\Apache24\htdocs\EasyVueApi\node_modules\express\lib\router\layer.js:95:5)
[04/11/2022 11:07:47] Request Url: '/api/trigger/3' Request Type: 'GET' Status Code: 500 Error: Rota teste erro
    at handlerError (C:\WebServer\Apache24\htdocs\EasyVueApi\src\infra\api\middlewares\error.ts:29:10)
    at newFn (C:\WebServer\Apache24\htdocs\EasyVueApi\node_modules\express-async-errors\index.js:16:20)
    at Layer.handle [as handle_request] (C:\WebServer\Apache24\htdocs\EasyVueApi\node_modules\express\lib\router\layer.js:95:5)
    at trim_prefix (C:\WebServer\Apache24\htdocs\EasyVueApi\node_modules\express\lib\router\index.js:328:13)
    at C:\WebServer\Apache24\htdocs\EasyVueApi\node_modules\express\lib\router\index.js:286:9
    at Function.process_params (C:\WebServer\Apache24\htdocs\EasyVueApi\node_modules\express\lib\router\index.js:346:12)
    at next (C:\WebServer\Apache24\htdocs\EasyVueApi\node_modules\express\lib\router\index.js:280:10)
    at jsonParser (C:\WebServer\Apache24\htdocs\EasyVueApi\node_modules\body-parser\lib\types\json.js:110:7)
    at newFn (C:\WebServer\Apache24\htdocs\EasyVueApi\node_modules\express-async-errors\index.js:16:20)
    at Layer.handle [as handle_request] (C:\WebServer\Apache24\htdocs\EasyVueApi\node_modules\express\lib\router\layer.js:95:5)
[04/11/2022 11:07:56] Request Url: '/api/trigger/3' Request Type: 'GET' Status Code: 500 Error: Rota teste erro
    at handlerError (C:\WebServer\Apache24\htdocs\EasyVueApi\src\infra\api\middlewares\error.ts:27:10)
    at newFn (C:\WebServer\Apache24\htdocs\EasyVueApi\node_modules\express-async-errors\index.js:16:20)
    at Layer.handle [as handle_request] (C:\WebServer\Apache24\htdocs\EasyVueApi\node_modules\express\lib\router\layer.js:95:5)
    at trim_prefix (C:\WebServer\Apache24\htdocs\EasyVueApi\node_modules\express\lib\router\index.js:328:13)
    at C:\WebServer\Apache24\htdocs\EasyVueApi\node_modules\express\lib\router\index.js:286:9
    at Function.process_params (C:\WebServer\Apache24\htdocs\EasyVueApi\node_modules\express\lib\router\index.js:346:12)
    at next (C:\WebServer\Apache24\htdocs\EasyVueApi\node_modules\express\lib\router\index.js:280:10)
    at jsonParser (C:\WebServer\Apache24\htdocs\EasyVueApi\node_modules\body-parser\lib\types\json.js:110:7)
    at newFn (C:\WebServer\Apache24\htdocs\EasyVueApi\node_modules\express-async-errors\index.js:16:20)
    at Layer.handle [as handle_request] (C:\WebServer\Apache24\htdocs\EasyVueApi\node_modules\express\lib\router\layer.js:95:5)
[04/11/2022 11:07:57] Request Url: '/api/trigger/3' Request Type: 'GET' Status Code: 500 Error: Rota teste erro
    at handlerError (C:\WebServer\Apache24\htdocs\EasyVueApi\src\infra\api\middlewares\error.ts:27:10)
    at newFn (C:\WebServer\Apache24\htdocs\EasyVueApi\node_modules\express-async-errors\index.js:16:20)
    at Layer.handle [as handle_request] (C:\WebServer\Apache24\htdocs\EasyVueApi\node_modules\express\lib\router\layer.js:95:5)
    at trim_prefix (C:\WebServer\Apache24\htdocs\EasyVueApi\node_modules\express\lib\router\index.js:328:13)
    at C:\WebServer\Apache24\htdocs\EasyVueApi\node_modules\express\lib\router\index.js:286:9
    at Function.process_params (C:\WebServer\Apache24\htdocs\EasyVueApi\node_modules\express\lib\router\index.js:346:12)
    at next (C:\WebServer\Apache24\htdocs\EasyVueApi\node_modules\express\lib\router\index.js:280:10)
    at jsonParser (C:\WebServer\Apache24\htdocs\EasyVueApi\node_modules\body-parser\lib\types\json.js:110:7)
    at newFn (C:\WebServer\Apache24\htdocs\EasyVueApi\node_modules\express-async-errors\index.js:16:20)
    at Layer.handle [as handle_request] (C:\WebServer\Apache24\htdocs\EasyVueApi\node_modules\express\lib\router\layer.js:95:5)
[04/11/2022 11:07:59] Request Url: '/api/trigger/3' Request Type: 'GET' Status Code: 500 Error: Rota teste erro
    at handlerError (C:\WebServer\Apache24\htdocs\EasyVueApi\src\infra\api\middlewares\error.ts:27:10)
    at newFn (C:\WebServer\Apache24\htdocs\EasyVueApi\node_modules\express-async-errors\index.js:16:20)
    at Layer.handle [as handle_request] (C:\WebServer\Apache24\htdocs\EasyVueApi\node_modules\express\lib\router\layer.js:95:5)
    at trim_prefix (C:\WebServer\Apache24\htdocs\EasyVueApi\node_modules\express\lib\router\index.js:328:13)
    at C:\WebServer\Apache24\htdocs\EasyVueApi\node_modules\express\lib\router\index.js:286:9
    at Function.process_params (C:\WebServer\Apache24\htdocs\EasyVueApi\node_modules\express\lib\router\index.js:346:12)
    at next (C:\WebServer\Apache24\htdocs\EasyVueApi\node_modules\express\lib\router\index.js:280:10)
    at jsonParser (C:\WebServer\Apache24\htdocs\EasyVueApi\node_modules\body-parser\lib\types\json.js:110:7)
    at newFn (C:\WebServer\Apache24\htdocs\EasyVueApi\node_modules\express-async-errors\index.js:16:20)
    at Layer.handle [as handle_request] (C:\WebServer\Apache24\htdocs\EasyVueApi\node_modules\express\lib\router\layer.js:95:5)
[04/11/2022 11:08:31] Request Url: '/api/trigger/3' Request Type: 'GET' Status Code: 500 Error: Rota teste erro
    at handlerError (C:\WebServer\Apache24\htdocs\EasyVueApi\src\infra\api\middlewares\error.ts:27:10)
    at newFn (C:\WebServer\Apache24\htdocs\EasyVueApi\node_modules\express-async-errors\index.js:16:20)
    at Layer.handle [as handle_request] (C:\WebServer\Apache24\htdocs\EasyVueApi\node_modules\express\lib\router\layer.js:95:5)
    at trim_prefix (C:\WebServer\Apache24\htdocs\EasyVueApi\node_modules\express\lib\router\index.js:328:13)
    at C:\WebServer\Apache24\htdocs\EasyVueApi\node_modules\express\lib\router\index.js:286:9
    at Function.process_params (C:\WebServer\Apache24\htdocs\EasyVueApi\node_modules\express\lib\router\index.js:346:12)
    at next (C:\WebServer\Apache24\htdocs\EasyVueApi\node_modules\express\lib\router\index.js:280:10)
    at jsonParser (C:\WebServer\Apache24\htdocs\EasyVueApi\node_modules\body-parser\lib\types\json.js:110:7)
    at newFn (C:\WebServer\Apache24\htdocs\EasyVueApi\node_modules\express-async-errors\index.js:16:20)
    at Layer.handle [as handle_request] (C:\WebServer\Apache24\htdocs\EasyVueApi\node_modules\express\lib\router\layer.js:95:5)
[04/11/2022 11:09:33] Request Url: '/api/trigger/3' Request Type: 'GET' Status Code: 500 Error: Rota teste erro
    at handlerError (C:\WebServer\Apache24\htdocs\EasyVueApi\src\infra\api\middlewares\error.ts:29:10)
    at newFn (C:\WebServer\Apache24\htdocs\EasyVueApi\node_modules\express-async-errors\index.js:16:20)
    at Layer.handle [as handle_request] (C:\WebServer\Apache24\htdocs\EasyVueApi\node_modules\express\lib\router\layer.js:95:5)
    at trim_prefix (C:\WebServer\Apache24\htdocs\EasyVueApi\node_modules\express\lib\router\index.js:328:13)
    at C:\WebServer\Apache24\htdocs\EasyVueApi\node_modules\express\lib\router\index.js:286:9
    at Function.process_params (C:\WebServer\Apache24\htdocs\EasyVueApi\node_modules\express\lib\router\index.js:346:12)
    at next (C:\WebServer\Apache24\htdocs\EasyVueApi\node_modules\express\lib\router\index.js:280:10)
    at jsonParser (C:\WebServer\Apache24\htdocs\EasyVueApi\node_modules\body-parser\lib\types\json.js:110:7)
    at newFn (C:\WebServer\Apache24\htdocs\EasyVueApi\node_modules\express-async-errors\index.js:16:20)
    at Layer.handle [as handle_request] (C:\WebServer\Apache24\htdocs\EasyVueApi\node_modules\express\lib\router\layer.js:95:5)
[04/11/2022 11:09:45] Request Url: '/api/trigger/3' Request Type: 'GET' Status Code: 500 Error: Rota teste erro
    at handlerError (C:\WebServer\Apache24\htdocs\EasyVueApi\src\infra\api\middlewares\error.ts:28:10)
    at newFn (C:\WebServer\Apache24\htdocs\EasyVueApi\node_modules\express-async-errors\index.js:16:20)
    at Layer.handle [as handle_request] (C:\WebServer\Apache24\htdocs\EasyVueApi\node_modules\express\lib\router\layer.js:95:5)
    at trim_prefix (C:\WebServer\Apache24\htdocs\EasyVueApi\node_modules\express\lib\router\index.js:328:13)
    at C:\WebServer\Apache24\htdocs\EasyVueApi\node_modules\express\lib\router\index.js:286:9
    at Function.process_params (C:\WebServer\Apache24\htdocs\EasyVueApi\node_modules\express\lib\router\index.js:346:12)
    at next (C:\WebServer\Apache24\htdocs\EasyVueApi\node_modules\express\lib\router\index.js:280:10)
    at jsonParser (C:\WebServer\Apache24\htdocs\EasyVueApi\node_modules\body-parser\lib\types\json.js:110:7)
    at newFn (C:\WebServer\Apache24\htdocs\EasyVueApi\node_modules\express-async-errors\index.js:16:20)
    at Layer.handle [as handle_request] (C:\WebServer\Apache24\htdocs\EasyVueApi\node_modules\express\lib\router\layer.js:95:5)
[04/11/2022 11:48:21] Request Url: '/api/trigger/3' Request Type: 'GET' Status Code: 500 Error: Rota teste erro
    at handlerError (C:\WebServer\Apache24\htdocs\EasyVueApi\src\infra\api\middlewares\error.ts:27:10)
    at newFn (C:\WebServer\Apache24\htdocs\EasyVueApi\node_modules\express-async-errors\index.js:16:20)
    at Layer.handle [as handle_request] (C:\WebServer\Apache24\htdocs\EasyVueApi\node_modules\express\lib\router\layer.js:95:5)
    at trim_prefix (C:\WebServer\Apache24\htdocs\EasyVueApi\node_modules\express\lib\router\index.js:328:13)
    at C:\WebServer\Apache24\htdocs\EasyVueApi\node_modules\express\lib\router\index.js:286:9
    at Function.process_params (C:\WebServer\Apache24\htdocs\EasyVueApi\node_modules\express\lib\router\index.js:346:12)
    at next (C:\WebServer\Apache24\htdocs\EasyVueApi\node_modules\express\lib\router\index.js:280:10)
    at jsonParser (C:\WebServer\Apache24\htdocs\EasyVueApi\node_modules\body-parser\lib\types\json.js:110:7)
    at newFn (C:\WebServer\Apache24\htdocs\EasyVueApi\node_modules\express-async-errors\index.js:16:20)
    at Layer.handle [as handle_request] (C:\WebServer\Apache24\htdocs\EasyVueApi\node_modules\express\lib\router\layer.js:95:5)
[07/11/2022 08:31:58] Request Url: '/api/trigger/3' Request Type: 'GET' Status Code: 500 Error: Rota teste erro
    at handlerError (C:\WebServer\Apache24\htdocs\EasyVueApi\src\infra\api\middlewares\error.ts:26:10)
    at newFn (C:\WebServer\Apache24\htdocs\EasyVueApi\node_modules\express-async-errors\index.js:16:20)
    at Layer.handle [as handle_request] (C:\WebServer\Apache24\htdocs\EasyVueApi\node_modules\express\lib\router\layer.js:95:5)
    at trim_prefix (C:\WebServer\Apache24\htdocs\EasyVueApi\node_modules\express\lib\router\index.js:328:13)
    at C:\WebServer\Apache24\htdocs\EasyVueApi\node_modules\express\lib\router\index.js:286:9
    at Function.process_params (C:\WebServer\Apache24\htdocs\EasyVueApi\node_modules\express\lib\router\index.js:346:12)
    at next (C:\WebServer\Apache24\htdocs\EasyVueApi\node_modules\express\lib\router\index.js:280:10)
    at jsonParser (C:\WebServer\Apache24\htdocs\EasyVueApi\node_modules\body-parser\lib\types\json.js:110:7)
    at newFn (C:\WebServer\Apache24\htdocs\EasyVueApi\node_modules\express-async-errors\index.js:16:20)
    at Layer.handle [as handle_request] (C:\WebServer\Apache24\htdocs\EasyVueApi\node_modules\express\lib\router\layer.js:95:5)
[07/11/2022 08:32:52] Request Url: '/api/trigger/3' Request Type: 'GET' Status Code: 500 Error: Rota teste erro
    at handlerError (C:\WebServer\Apache24\htdocs\EasyVueApi\src\infra\api\middlewares\error.ts:26:10)
    at newFn (C:\WebServer\Apache24\htdocs\EasyVueApi\node_modules\express-async-errors\index.js:16:20)
    at Layer.handle [as handle_request] (C:\WebServer\Apache24\htdocs\EasyVueApi\node_modules\express\lib\router\layer.js:95:5)
    at trim_prefix (C:\WebServer\Apache24\htdocs\EasyVueApi\node_modules\express\lib\router\index.js:328:13)
    at C:\WebServer\Apache24\htdocs\EasyVueApi\node_modules\express\lib\router\index.js:286:9
    at Function.process_params (C:\WebServer\Apache24\htdocs\EasyVueApi\node_modules\express\lib\router\index.js:346:12)
    at next (C:\WebServer\Apache24\htdocs\EasyVueApi\node_modules\express\lib\router\index.js:280:10)
    at jsonParser (C:\WebServer\Apache24\htdocs\EasyVueApi\node_modules\body-parser\lib\types\json.js:110:7)
    at newFn (C:\WebServer\Apache24\htdocs\EasyVueApi\node_modules\express-async-errors\index.js:16:20)
    at Layer.handle [as handle_request] (C:\WebServer\Apache24\htdocs\EasyVueApi\node_modules\express\lib\router\layer.js:95:5)
[07/11/2022 08:33:09] Request Url: '/api/trigger/3' Request Type: 'GET' Status Code: 500 Error: Rota teste erro
    at handlerError (C:\WebServer\Apache24\htdocs\EasyVueApi\src\infra\api\middlewares\error.ts:28:10)
    at newFn (C:\WebServer\Apache24\htdocs\EasyVueApi\node_modules\express-async-errors\index.js:16:20)
    at Layer.handle [as handle_request] (C:\WebServer\Apache24\htdocs\EasyVueApi\node_modules\express\lib\router\layer.js:95:5)
    at trim_prefix (C:\WebServer\Apache24\htdocs\EasyVueApi\node_modules\express\lib\router\index.js:328:13)
    at C:\WebServer\Apache24\htdocs\EasyVueApi\node_modules\express\lib\router\index.js:286:9
    at Function.process_params (C:\WebServer\Apache24\htdocs\EasyVueApi\node_modules\express\lib\router\index.js:346:12)
    at next (C:\WebServer\Apache24\htdocs\EasyVueApi\node_modules\express\lib\router\index.js:280:10)
    at jsonParser (C:\WebServer\Apache24\htdocs\EasyVueApi\node_modules\body-parser\lib\types\json.js:110:7)
    at newFn (C:\WebServer\Apache24\htdocs\EasyVueApi\node_modules\express-async-errors\index.js:16:20)
    at Layer.handle [as handle_request] (C:\WebServer\Apache24\htdocs\EasyVueApi\node_modules\express\lib\router\layer.js:95:5)
[07/11/2022 08:33:43] Request Url: '/api/trigger/3' Request Type: 'GET' Status Code: 500 Error: Rota teste erro
    at handlerError (C:\WebServer\Apache24\htdocs\EasyVueApi\src\infra\api\middlewares\error.ts:27:10)
    at newFn (C:\WebServer\Apache24\htdocs\EasyVueApi\node_modules\express-async-errors\index.js:16:20)
    at Layer.handle [as handle_request] (C:\WebServer\Apache24\htdocs\EasyVueApi\node_modules\express\lib\router\layer.js:95:5)
    at trim_prefix (C:\WebServer\Apache24\htdocs\EasyVueApi\node_modules\express\lib\router\index.js:328:13)
    at C:\WebServer\Apache24\htdocs\EasyVueApi\node_modules\express\lib\router\index.js:286:9
    at Function.process_params (C:\WebServer\Apache24\htdocs\EasyVueApi\node_modules\express\lib\router\index.js:346:12)
    at next (C:\WebServer\Apache24\htdocs\EasyVueApi\node_modules\express\lib\router\index.js:280:10)
    at jsonParser (C:\WebServer\Apache24\htdocs\EasyVueApi\node_modules\body-parser\lib\types\json.js:110:7)
    at newFn (C:\WebServer\Apache24\htdocs\EasyVueApi\node_modules\express-async-errors\index.js:16:20)
    at Layer.handle [as handle_request] (C:\WebServer\Apache24\htdocs\EasyVueApi\node_modules\express\lib\router\layer.js:95:5)
[09/11/2022 09:19:18] Request Url: '/api/trigger/3' Request Type: 'GET' Status Code: undefined Error: Function not implemented.
    at callback (C:\WebServer\Apache24\htdocs\EasyVueApi\src\infra\api\middlewares\error.ts:46:8)
    at handlerError (C:\WebServer\Apache24\htdocs\EasyVueApi\src\infra\api\middlewares\error.ts:26:25)
    at newFn (C:\WebServer\Apache24\htdocs\EasyVueApi\node_modules\express-async-errors\index.js:16:20)
    at Layer.handle [as handle_request] (C:\WebServer\Apache24\htdocs\EasyVueApi\node_modules\express\lib\router\layer.js:95:5)
    at trim_prefix (C:\WebServer\Apache24\htdocs\EasyVueApi\node_modules\express\lib\router\index.js:328:13)
    at C:\WebServer\Apache24\htdocs\EasyVueApi\node_modules\express\lib\router\index.js:286:9
    at Function.process_params (C:\WebServer\Apache24\htdocs\EasyVueApi\node_modules\express\lib\router\index.js:346:12)
    at next (C:\WebServer\Apache24\htdocs\EasyVueApi\node_modules\express\lib\router\index.js:280:10)
    at expressInit (C:\WebServer\Apache24\htdocs\EasyVueApi\node_modules\express\lib\middleware\init.js:40:5)
    at newFn (C:\WebServer\Apache24\htdocs\EasyVueApi\node_modules\express-async-errors\index.js:16:20)
[09/11/2022 11:23:56] Request Url: '/api/trigger' Request Type: 'GET' Status Code: undefined Error: Function not implemented.
    at callback (C:\WebServer\Apache24\htdocs\EasyVueApi\src\infra\api\middlewares\error.ts:48:8)
    at teste (C:\WebServer\Apache24\htdocs\EasyVueApi\src\infra\api\middlewares\error.ts:28:26)
    at handlerError (C:\WebServer\Apache24\htdocs\EasyVueApi\src\infra\api\middlewares\error.ts:44:3)
    at newFn (C:\WebServer\Apache24\htdocs\EasyVueApi\node_modules\express-async-errors\index.js:16:20)
    at Layer.handle [as handle_request] (C:\WebServer\Apache24\htdocs\EasyVueApi\node_modules\express\lib\router\layer.js:95:5)
    at trim_prefix (C:\WebServer\Apache24\htdocs\EasyVueApi\node_modules\express\lib\router\index.js:328:13)
    at C:\WebServer\Apache24\htdocs\EasyVueApi\node_modules\express\lib\router\index.js:286:9
    at Function.process_params (C:\WebServer\Apache24\htdocs\EasyVueApi\node_modules\express\lib\router\index.js:346:12)
    at next (C:\WebServer\Apache24\htdocs\EasyVueApi\node_modules\express\lib\router\index.js:280:10)
    at expressInit (C:\WebServer\Apache24\htdocs\EasyVueApi\node_modules\express\lib\middleware\init.js:40:5)
[10/11/2022 09:03:15] Request Url: 'undefined' Request Type: 'undefined' Status Code: undefined TypeError: next is not a function
    at middlewares.handlerError (C:\WebServer\Apache24\htdocs\EasyVueApi\src\infra\api\middlewares\error.ts:30:4)
    at C:\WebServer\Apache24\htdocs\EasyVueApi\src\infra\api\ExpressAdapter.ts:27:22
    at newFn (C:\WebServer\Apache24\htdocs\EasyVueApi\node_modules\express-async-errors\index.js:16:20)
    at Layer.handle_error (C:\WebServer\Apache24\htdocs\EasyVueApi\node_modules\express\lib\router\layer.js:71:5)
    at trim_prefix (C:\WebServer\Apache24\htdocs\EasyVueApi\node_modules\express\lib\router\index.js:326:13)
    at C:\WebServer\Apache24\htdocs\EasyVueApi\node_modules\express\lib\router\index.js:286:9
    at Function.process_params (C:\WebServer\Apache24\htdocs\EasyVueApi\node_modules\express\lib\router\index.js:346:12)
    at next (C:\WebServer\Apache24\htdocs\EasyVueApi\node_modules\express\lib\router\index.js:280:10)
    at C:\WebServer\Apache24\htdocs\EasyVueApi\src\infra\api\ExpressAdapter.ts:23:4
    at newFn (C:\WebServer\Apache24\htdocs\EasyVueApi\node_modules\express-async-errors\index.js:16:20)
[10/11/2022 09:07:05] Request Url: 'undefined' Request Type: 'undefined' Status Code: undefined undefined
[10/11/2022 09:08:14] Request Url: '/rotaTeste' Request Type: 'GET' Status Code: Error Error: Teste nas rotas
    at C:\WebServer\Apache24\htdocs\EasyVueApi\src\infra\api\Router.ts:19:19
    at C:\WebServer\Apache24\htdocs\EasyVueApi\src\infra\api\ExpressAdapter.ts:37:27
    at newFn (C:\WebServer\Apache24\htdocs\EasyVueApi\node_modules\express-async-errors\index.js:16:20)
    at Layer.handle [as handle_request] (C:\WebServer\Apache24\htdocs\EasyVueApi\node_modules\express\lib\router\layer.js:95:5)
    at next (C:\WebServer\Apache24\htdocs\EasyVueApi\node_modules\express\lib\router\route.js:144:13)
    at Route.dispatch (C:\WebServer\Apache24\htdocs\EasyVueApi\node_modules\express\lib\router\route.js:114:3)
    at newFn (C:\WebServer\Apache24\htdocs\EasyVueApi\node_modules\express-async-errors\index.js:16:20)
    at Layer.handle [as handle_request] (C:\WebServer\Apache24\htdocs\EasyVueApi\node_modules\express\lib\router\layer.js:95:5)
    at C:\WebServer\Apache24\htdocs\EasyVueApi\node_modules\express\lib\router\index.js:284:15
    at Function.process_params (C:\WebServer\Apache24\htdocs\EasyVueApi\node_modules\express\lib\router\index.js:346:12)
[10/11/2022 09:09:03] Request Url: '/api/trigger/3' Request Type: 'GET' Status Code: Error Error: Testando no UseCases
    at FindTriggerController.handle (C:\WebServer\Apache24\htdocs\EasyVueApi\src\application\useCases\FindTrigger\FindTriggerController.ts:10:15)
    at C:\WebServer\Apache24\htdocs\EasyVueApi\src\infra\api\Router.ts:29:42
    at C:\WebServer\Apache24\htdocs\EasyVueApi\src\infra\api\ExpressAdapter.ts:37:27
    at newFn (C:\WebServer\Apache24\htdocs\EasyVueApi\node_modules\express-async-errors\index.js:16:20)
    at Layer.handle [as handle_request] (C:\WebServer\Apache24\htdocs\EasyVueApi\node_modules\express\lib\router\layer.js:95:5)
    at next (C:\WebServer\Apache24\htdocs\EasyVueApi\node_modules\express\lib\router\route.js:144:13)
    at Route.dispatch (C:\WebServer\Apache24\htdocs\EasyVueApi\node_modules\express\lib\router\route.js:114:3)
    at newFn (C:\WebServer\Apache24\htdocs\EasyVueApi\node_modules\express-async-errors\index.js:16:20)
    at Layer.handle [as handle_request] (C:\WebServer\Apache24\htdocs\EasyVueApi\node_modules\express\lib\router\layer.js:95:5)
    at C:\WebServer\Apache24\htdocs\EasyVueApi\node_modules\express\lib\router\index.js:284:15
[10/11/2022 09:09:33] Request Url: '/rotaTeste' Request Type: 'GET' Status Code: Error Error: Teste nas rotas
    at C:\WebServer\Apache24\htdocs\EasyVueApi\src\infra\api\Router.ts:19:19
    at C:\WebServer\Apache24\htdocs\EasyVueApi\src\infra\api\ExpressAdapter.ts:37:27
    at newFn (C:\WebServer\Apache24\htdocs\EasyVueApi\node_modules\express-async-errors\index.js:16:20)
    at Layer.handle [as handle_request] (C:\WebServer\Apache24\htdocs\EasyVueApi\node_modules\express\lib\router\layer.js:95:5)
    at next (C:\WebServer\Apache24\htdocs\EasyVueApi\node_modules\express\lib\router\route.js:144:13)
    at Route.dispatch (C:\WebServer\Apache24\htdocs\EasyVueApi\node_modules\express\lib\router\route.js:114:3)
    at newFn (C:\WebServer\Apache24\htdocs\EasyVueApi\node_modules\express-async-errors\index.js:16:20)
    at Layer.handle [as handle_request] (C:\WebServer\Apache24\htdocs\EasyVueApi\node_modules\express\lib\router\layer.js:95:5)
    at C:\WebServer\Apache24\htdocs\EasyVueApi\node_modules\express\lib\router\index.js:284:15
    at Function.process_params (C:\WebServer\Apache24\htdocs\EasyVueApi\node_modules\express\lib\router\index.js:346:12)
[10/11/2022 09:12:00] Request Url: '/api/trigger/3' Request Type: 'GET' Status Code: Error Error: Teste nas rotas
    at C:\WebServer\Apache24\htdocs\EasyVueApi\src\infra\api\Router.ts:28:19
    at C:\WebServer\Apache24\htdocs\EasyVueApi\src\infra\api\ExpressAdapter.ts:37:27
    at newFn (C:\WebServer\Apache24\htdocs\EasyVueApi\node_modules\express-async-errors\index.js:16:20)
    at Layer.handle [as handle_request] (C:\WebServer\Apache24\htdocs\EasyVueApi\node_modules\express\lib\router\layer.js:95:5)
    at next (C:\WebServer\Apache24\htdocs\EasyVueApi\node_modules\express\lib\router\route.js:144:13)
    at Route.dispatch (C:\WebServer\Apache24\htdocs\EasyVueApi\node_modules\express\lib\router\route.js:114:3)
    at newFn (C:\WebServer\Apache24\htdocs\EasyVueApi\node_modules\express-async-errors\index.js:16:20)
    at Layer.handle [as handle_request] (C:\WebServer\Apache24\htdocs\EasyVueApi\node_modules\express\lib\router\layer.js:95:5)
    at C:\WebServer\Apache24\htdocs\EasyVueApi\node_modules\express\lib\router\index.js:284:15
    at param (C:\WebServer\Apache24\htdocs\EasyVueApi\node_modules\express\lib\router\index.js:365:14)
[10/11/2022 09:12:18] Request Url: '/api/trigger/3' Request Type: 'GET' Status Code: Error Error: Testando no UseCases
    at FindTriggerController.handle (C:\WebServer\Apache24\htdocs\EasyVueApi\src\application\useCases\FindTrigger\FindTriggerController.ts:10:15)
    at C:\WebServer\Apache24\htdocs\EasyVueApi\src\infra\api\Router.ts:30:42
    at C:\WebServer\Apache24\htdocs\EasyVueApi\src\infra\api\ExpressAdapter.ts:37:27
    at newFn (C:\WebServer\Apache24\htdocs\EasyVueApi\node_modules\express-async-errors\index.js:16:20)
    at Layer.handle [as handle_request] (C:\WebServer\Apache24\htdocs\EasyVueApi\node_modules\express\lib\router\layer.js:95:5)
    at next (C:\WebServer\Apache24\htdocs\EasyVueApi\node_modules\express\lib\router\route.js:144:13)
    at Route.dispatch (C:\WebServer\Apache24\htdocs\EasyVueApi\node_modules\express\lib\router\route.js:114:3)
    at newFn (C:\WebServer\Apache24\htdocs\EasyVueApi\node_modules\express-async-errors\index.js:16:20)
    at Layer.handle [as handle_request] (C:\WebServer\Apache24\htdocs\EasyVueApi\node_modules\express\lib\router\layer.js:95:5)
    at C:\WebServer\Apache24\htdocs\EasyVueApi\node_modules\express\lib\router\index.js:284:15
[10/11/2022 09:15:24] Request Url: '/api/trigger/3' Request Type: 'GET' Status Code: 200 Error: Teste nas rotas
    at C:\WebServer\Apache24\htdocs\EasyVueApi\src\infra\api\Router.ts:28:19
    at C:\WebServer\Apache24\htdocs\EasyVueApi\src\infra\api\ExpressAdapter.ts:37:27
    at newFn (C:\WebServer\Apache24\htdocs\EasyVueApi\node_modules\express-async-errors\index.js:16:20)
    at Layer.handle [as handle_request] (C:\WebServer\Apache24\htdocs\EasyVueApi\node_modules\express\lib\router\layer.js:95:5)
    at next (C:\WebServer\Apache24\htdocs\EasyVueApi\node_modules\express\lib\router\route.js:144:13)
    at Route.dispatch (C:\WebServer\Apache24\htdocs\EasyVueApi\node_modules\express\lib\router\route.js:114:3)
    at newFn (C:\WebServer\Apache24\htdocs\EasyVueApi\node_modules\express-async-errors\index.js:16:20)
    at Layer.handle [as handle_request] (C:\WebServer\Apache24\htdocs\EasyVueApi\node_modules\express\lib\router\layer.js:95:5)
    at C:\WebServer\Apache24\htdocs\EasyVueApi\node_modules\express\lib\router\index.js:284:15
    at param (C:\WebServer\Apache24\htdocs\EasyVueApi\node_modules\express\lib\router\index.js:365:14)
[10/11/2022 09:16:29] Request Url: '/api/trigger/3' Request Type: 'GET' Status Code: null Error: Teste nas rotas
    at C:\WebServer\Apache24\htdocs\EasyVueApi\src\infra\api\Router.ts:28:19
    at C:\WebServer\Apache24\htdocs\EasyVueApi\src\infra\api\ExpressAdapter.ts:37:27
    at newFn (C:\WebServer\Apache24\htdocs\EasyVueApi\node_modules\express-async-errors\index.js:16:20)
    at Layer.handle [as handle_request] (C:\WebServer\Apache24\htdocs\EasyVueApi\node_modules\express\lib\router\layer.js:95:5)
    at next (C:\WebServer\Apache24\htdocs\EasyVueApi\node_modules\express\lib\router\route.js:144:13)
    at Route.dispatch (C:\WebServer\Apache24\htdocs\EasyVueApi\node_modules\express\lib\router\route.js:114:3)
    at newFn (C:\WebServer\Apache24\htdocs\EasyVueApi\node_modules\express-async-errors\index.js:16:20)
    at Layer.handle [as handle_request] (C:\WebServer\Apache24\htdocs\EasyVueApi\node_modules\express\lib\router\layer.js:95:5)
    at C:\WebServer\Apache24\htdocs\EasyVueApi\node_modules\express\lib\router\index.js:284:15
    at param (C:\WebServer\Apache24\htdocs\EasyVueApi\node_modules\express\lib\router\index.js:365:14)
[10/11/2022 09:23:38] Request Url: '/api/trigger/3' Request Type: 'GET' Status Code: undefined Error: Teste nas rotas
    at C:\WebServer\Apache24\htdocs\EasyVueApi\src\infra\api\Router.ts:28:19
    at C:\WebServer\Apache24\htdocs\EasyVueApi\src\infra\api\ExpressAdapter.ts:37:27
    at newFn (C:\WebServer\Apache24\htdocs\EasyVueApi\node_modules\express-async-errors\index.js:16:20)
    at Layer.handle [as handle_request] (C:\WebServer\Apache24\htdocs\EasyVueApi\node_modules\express\lib\router\layer.js:95:5)
    at next (C:\WebServer\Apache24\htdocs\EasyVueApi\node_modules\express\lib\router\route.js:144:13)
    at Route.dispatch (C:\WebServer\Apache24\htdocs\EasyVueApi\node_modules\express\lib\router\route.js:114:3)
    at newFn (C:\WebServer\Apache24\htdocs\EasyVueApi\node_modules\express-async-errors\index.js:16:20)
    at Layer.handle [as handle_request] (C:\WebServer\Apache24\htdocs\EasyVueApi\node_modules\express\lib\router\layer.js:95:5)
    at C:\WebServer\Apache24\htdocs\EasyVueApi\node_modules\express\lib\router\index.js:284:15
    at param (C:\WebServer\Apache24\htdocs\EasyVueApi\node_modules\express\lib\router\index.js:365:14)
[10/11/2022 09:24:16] Request Url: '/api/trigger/3' Request Type: 'GET' Status Code: [object Object] Error: Teste nas rotas
    at C:\WebServer\Apache24\htdocs\EasyVueApi\src\infra\api\Router.ts:28:19
    at C:\WebServer\Apache24\htdocs\EasyVueApi\src\infra\api\ExpressAdapter.ts:37:27
    at newFn (C:\WebServer\Apache24\htdocs\EasyVueApi\node_modules\express-async-errors\index.js:16:20)
    at Layer.handle [as handle_request] (C:\WebServer\Apache24\htdocs\EasyVueApi\node_modules\express\lib\router\layer.js:95:5)
    at next (C:\WebServer\Apache24\htdocs\EasyVueApi\node_modules\express\lib\router\route.js:144:13)
    at Route.dispatch (C:\WebServer\Apache24\htdocs\EasyVueApi\node_modules\express\lib\router\route.js:114:3)
    at newFn (C:\WebServer\Apache24\htdocs\EasyVueApi\node_modules\express-async-errors\index.js:16:20)
    at Layer.handle [as handle_request] (C:\WebServer\Apache24\htdocs\EasyVueApi\node_modules\express\lib\router\layer.js:95:5)
    at C:\WebServer\Apache24\htdocs\EasyVueApi\node_modules\express\lib\router\index.js:284:15
    at param (C:\WebServer\Apache24\htdocs\EasyVueApi\node_modules\express\lib\router\index.js:365:14)
[10/11/2022 09:24:39] Request Url: '/api/trigger/3' Request Type: 'GET' Status Code: [object Object] Error: Teste nas rotas
    at C:\WebServer\Apache24\htdocs\EasyVueApi\src\infra\api\Router.ts:28:19
    at C:\WebServer\Apache24\htdocs\EasyVueApi\src\infra\api\ExpressAdapter.ts:37:27
    at newFn (C:\WebServer\Apache24\htdocs\EasyVueApi\node_modules\express-async-errors\index.js:16:20)
    at Layer.handle [as handle_request] (C:\WebServer\Apache24\htdocs\EasyVueApi\node_modules\express\lib\router\layer.js:95:5)
    at next (C:\WebServer\Apache24\htdocs\EasyVueApi\node_modules\express\lib\router\route.js:144:13)
    at Route.dispatch (C:\WebServer\Apache24\htdocs\EasyVueApi\node_modules\express\lib\router\route.js:114:3)
    at newFn (C:\WebServer\Apache24\htdocs\EasyVueApi\node_modules\express-async-errors\index.js:16:20)
    at Layer.handle [as handle_request] (C:\WebServer\Apache24\htdocs\EasyVueApi\node_modules\express\lib\router\layer.js:95:5)
    at C:\WebServer\Apache24\htdocs\EasyVueApi\node_modules\express\lib\router\index.js:284:15
    at param (C:\WebServer\Apache24\htdocs\EasyVueApi\node_modules\express\lib\router\index.js:365:14)
[10/11/2022 09:25:08] Request Url: '/api/trigger/3' Request Type: 'GET' Status Code: [object Object] Error: Teste nas rotas
    at C:\WebServer\Apache24\htdocs\EasyVueApi\src\infra\api\Router.ts:28:19
    at C:\WebServer\Apache24\htdocs\EasyVueApi\src\infra\api\ExpressAdapter.ts:37:27
    at newFn (C:\WebServer\Apache24\htdocs\EasyVueApi\node_modules\express-async-errors\index.js:16:20)
    at Layer.handle [as handle_request] (C:\WebServer\Apache24\htdocs\EasyVueApi\node_modules\express\lib\router\layer.js:95:5)
    at next (C:\WebServer\Apache24\htdocs\EasyVueApi\node_modules\express\lib\router\route.js:144:13)
    at Route.dispatch (C:\WebServer\Apache24\htdocs\EasyVueApi\node_modules\express\lib\router\route.js:114:3)
    at newFn (C:\WebServer\Apache24\htdocs\EasyVueApi\node_modules\express-async-errors\index.js:16:20)
    at Layer.handle [as handle_request] (C:\WebServer\Apache24\htdocs\EasyVueApi\node_modules\express\lib\router\layer.js:95:5)
    at C:\WebServer\Apache24\htdocs\EasyVueApi\node_modules\express\lib\router\index.js:284:15
    at param (C:\WebServer\Apache24\htdocs\EasyVueApi\node_modules\express\lib\router\index.js:365:14)
[10/11/2022 09:25:14] Request Url: '/api/trigger/3' Request Type: 'GET' Status Code: [object Object] Error: Teste nas rotas
    at C:\WebServer\Apache24\htdocs\EasyVueApi\src\infra\api\Router.ts:28:19
    at C:\WebServer\Apache24\htdocs\EasyVueApi\src\infra\api\ExpressAdapter.ts:37:27
    at newFn (C:\WebServer\Apache24\htdocs\EasyVueApi\node_modules\express-async-errors\index.js:16:20)
    at Layer.handle [as handle_request] (C:\WebServer\Apache24\htdocs\EasyVueApi\node_modules\express\lib\router\layer.js:95:5)
    at next (C:\WebServer\Apache24\htdocs\EasyVueApi\node_modules\express\lib\router\route.js:144:13)
    at Route.dispatch (C:\WebServer\Apache24\htdocs\EasyVueApi\node_modules\express\lib\router\route.js:114:3)
    at newFn (C:\WebServer\Apache24\htdocs\EasyVueApi\node_modules\express-async-errors\index.js:16:20)
    at Layer.handle [as handle_request] (C:\WebServer\Apache24\htdocs\EasyVueApi\node_modules\express\lib\router\layer.js:95:5)
    at C:\WebServer\Apache24\htdocs\EasyVueApi\node_modules\express\lib\router\index.js:284:15
    at param (C:\WebServer\Apache24\htdocs\EasyVueApi\node_modules\express\lib\router\index.js:365:14)
[10/11/2022 09:25:22] Request Url: '/api/trigger/3' Request Type: 'GET' Status Code: [object Object] Error: Teste nas rotas
    at C:\WebServer\Apache24\htdocs\EasyVueApi\src\infra\api\Router.ts:28:19
    at C:\WebServer\Apache24\htdocs\EasyVueApi\src\infra\api\ExpressAdapter.ts:37:27
    at newFn (C:\WebServer\Apache24\htdocs\EasyVueApi\node_modules\express-async-errors\index.js:16:20)
    at Layer.handle [as handle_request] (C:\WebServer\Apache24\htdocs\EasyVueApi\node_modules\express\lib\router\layer.js:95:5)
    at next (C:\WebServer\Apache24\htdocs\EasyVueApi\node_modules\express\lib\router\route.js:144:13)
    at Route.dispatch (C:\WebServer\Apache24\htdocs\EasyVueApi\node_modules\express\lib\router\route.js:114:3)
    at newFn (C:\WebServer\Apache24\htdocs\EasyVueApi\node_modules\express-async-errors\index.js:16:20)
    at Layer.handle [as handle_request] (C:\WebServer\Apache24\htdocs\EasyVueApi\node_modules\express\lib\router\layer.js:95:5)
    at C:\WebServer\Apache24\htdocs\EasyVueApi\node_modules\express\lib\router\index.js:284:15
    at param (C:\WebServer\Apache24\htdocs\EasyVueApi\node_modules\express\lib\router\index.js:365:14)
[10/11/2022 09:26:16] Request Url: '/api/trigger/3' Request Type: 'GET' Status Code: [object Object] Error: Teste nas rotas
    at C:\WebServer\Apache24\htdocs\EasyVueApi\src\infra\api\Router.ts:28:19
    at C:\WebServer\Apache24\htdocs\EasyVueApi\src\infra\api\ExpressAdapter.ts:37:27
    at newFn (C:\WebServer\Apache24\htdocs\EasyVueApi\node_modules\express-async-errors\index.js:16:20)
    at Layer.handle [as handle_request] (C:\WebServer\Apache24\htdocs\EasyVueApi\node_modules\express\lib\router\layer.js:95:5)
    at next (C:\WebServer\Apache24\htdocs\EasyVueApi\node_modules\express\lib\router\route.js:144:13)
    at Route.dispatch (C:\WebServer\Apache24\htdocs\EasyVueApi\node_modules\express\lib\router\route.js:114:3)
    at newFn (C:\WebServer\Apache24\htdocs\EasyVueApi\node_modules\express-async-errors\index.js:16:20)
    at Layer.handle [as handle_request] (C:\WebServer\Apache24\htdocs\EasyVueApi\node_modules\express\lib\router\layer.js:95:5)
    at C:\WebServer\Apache24\htdocs\EasyVueApi\node_modules\express\lib\router\index.js:284:15
    at param (C:\WebServer\Apache24\htdocs\EasyVueApi\node_modules\express\lib\router\index.js:365:14)
[10/11/2022 09:26:38] Request Url: '/api/trigger/3' Request Type: 'GET' Status Code: [object Object] Error: Teste nas rotas
    at C:\WebServer\Apache24\htdocs\EasyVueApi\src\infra\api\Router.ts:28:19
    at C:\WebServer\Apache24\htdocs\EasyVueApi\src\infra\api\ExpressAdapter.ts:37:27
    at newFn (C:\WebServer\Apache24\htdocs\EasyVueApi\node_modules\express-async-errors\index.js:16:20)
    at Layer.handle [as handle_request] (C:\WebServer\Apache24\htdocs\EasyVueApi\node_modules\express\lib\router\layer.js:95:5)
    at next (C:\WebServer\Apache24\htdocs\EasyVueApi\node_modules\express\lib\router\route.js:144:13)
    at Route.dispatch (C:\WebServer\Apache24\htdocs\EasyVueApi\node_modules\express\lib\router\route.js:114:3)
    at newFn (C:\WebServer\Apache24\htdocs\EasyVueApi\node_modules\express-async-errors\index.js:16:20)
    at Layer.handle [as handle_request] (C:\WebServer\Apache24\htdocs\EasyVueApi\node_modules\express\lib\router\layer.js:95:5)
    at C:\WebServer\Apache24\htdocs\EasyVueApi\node_modules\express\lib\router\index.js:284:15
    at param (C:\WebServer\Apache24\htdocs\EasyVueApi\node_modules\express\lib\router\index.js:365:14)
[10/11/2022 09:27:00] Request Url: '/api/trigger/3' Request Type: 'GET' Status Code: [object Object] Error: Teste nas rotas
    at C:\WebServer\Apache24\htdocs\EasyVueApi\src\infra\api\Router.ts:28:19
    at C:\WebServer\Apache24\htdocs\EasyVueApi\src\infra\api\ExpressAdapter.ts:37:27
    at newFn (C:\WebServer\Apache24\htdocs\EasyVueApi\node_modules\express-async-errors\index.js:16:20)
    at Layer.handle [as handle_request] (C:\WebServer\Apache24\htdocs\EasyVueApi\node_modules\express\lib\router\layer.js:95:5)
    at next (C:\WebServer\Apache24\htdocs\EasyVueApi\node_modules\express\lib\router\route.js:144:13)
    at Route.dispatch (C:\WebServer\Apache24\htdocs\EasyVueApi\node_modules\express\lib\router\route.js:114:3)
    at newFn (C:\WebServer\Apache24\htdocs\EasyVueApi\node_modules\express-async-errors\index.js:16:20)
    at Layer.handle [as handle_request] (C:\WebServer\Apache24\htdocs\EasyVueApi\node_modules\express\lib\router\layer.js:95:5)
    at C:\WebServer\Apache24\htdocs\EasyVueApi\node_modules\express\lib\router\index.js:284:15
    at param (C:\WebServer\Apache24\htdocs\EasyVueApi\node_modules\express\lib\router\index.js:365:14)
[10/11/2022 09:31:39] Request Url: '/api/trigger/3' Request Type: 'GET' Status Code: undefined Error: Teste nas rotas
    at C:\WebServer\Apache24\htdocs\EasyVueApi\src\infra\api\Router.ts:28:19
    at C:\WebServer\Apache24\htdocs\EasyVueApi\src\infra\api\ExpressAdapter.ts:37:27
    at newFn (C:\WebServer\Apache24\htdocs\EasyVueApi\node_modules\express-async-errors\index.js:16:20)
    at Layer.handle [as handle_request] (C:\WebServer\Apache24\htdocs\EasyVueApi\node_modules\express\lib\router\layer.js:95:5)
    at next (C:\WebServer\Apache24\htdocs\EasyVueApi\node_modules\express\lib\router\route.js:144:13)
    at Route.dispatch (C:\WebServer\Apache24\htdocs\EasyVueApi\node_modules\express\lib\router\route.js:114:3)
    at newFn (C:\WebServer\Apache24\htdocs\EasyVueApi\node_modules\express-async-errors\index.js:16:20)
    at Layer.handle [as handle_request] (C:\WebServer\Apache24\htdocs\EasyVueApi\node_modules\express\lib\router\layer.js:95:5)
    at C:\WebServer\Apache24\htdocs\EasyVueApi\node_modules\express\lib\router\index.js:284:15
    at param (C:\WebServer\Apache24\htdocs\EasyVueApi\node_modules\express\lib\router\index.js:365:14)
[10/11/2022 09:40:16] Request Url: '/api/trigger/3' Request Type: 'GET' Status Code: undefined Error: Teste nas rotas
    at C:\WebServer\Apache24\htdocs\EasyVueApi\src\infra\api\Router.ts:28:19
    at C:\WebServer\Apache24\htdocs\EasyVueApi\src\infra\api\ExpressAdapter.ts:29:26
    at newFn (C:\WebServer\Apache24\htdocs\EasyVueApi\node_modules\express-async-errors\index.js:16:20)
    at Layer.handle [as handle_request] (C:\WebServer\Apache24\htdocs\EasyVueApi\node_modules\express\lib\router\layer.js:95:5)
    at next (C:\WebServer\Apache24\htdocs\EasyVueApi\node_modules\express\lib\router\route.js:144:13)
    at Route.dispatch (C:\WebServer\Apache24\htdocs\EasyVueApi\node_modules\express\lib\router\route.js:114:3)
    at newFn (C:\WebServer\Apache24\htdocs\EasyVueApi\node_modules\express-async-errors\index.js:16:20)
    at Layer.handle [as handle_request] (C:\WebServer\Apache24\htdocs\EasyVueApi\node_modules\express\lib\router\layer.js:95:5)
    at C:\WebServer\Apache24\htdocs\EasyVueApi\node_modules\express\lib\router\index.js:284:15
    at param (C:\WebServer\Apache24\htdocs\EasyVueApi\node_modules\express\lib\router\index.js:365:14)
[10/11/2022 09:40:29] Request Url: '/api/trigger/3' Request Type: 'GET' Status Code: undefined Error: Testando no UseCases
    at FindTriggerController.handle (C:\WebServer\Apache24\htdocs\EasyVueApi\src\application\useCases\FindTrigger\FindTriggerController.ts:10:15)
    at C:\WebServer\Apache24\htdocs\EasyVueApi\src\infra\api\Router.ts:30:42
    at C:\WebServer\Apache24\htdocs\EasyVueApi\src\infra\api\ExpressAdapter.ts:29:26
    at newFn (C:\WebServer\Apache24\htdocs\EasyVueApi\node_modules\express-async-errors\index.js:16:20)
    at Layer.handle [as handle_request] (C:\WebServer\Apache24\htdocs\EasyVueApi\node_modules\express\lib\router\layer.js:95:5)
    at next (C:\WebServer\Apache24\htdocs\EasyVueApi\node_modules\express\lib\router\route.js:144:13)
    at Route.dispatch (C:\WebServer\Apache24\htdocs\EasyVueApi\node_modules\express\lib\router\route.js:114:3)
    at newFn (C:\WebServer\Apache24\htdocs\EasyVueApi\node_modules\express-async-errors\index.js:16:20)
    at Layer.handle [as handle_request] (C:\WebServer\Apache24\htdocs\EasyVueApi\node_modules\express\lib\router\layer.js:95:5)
    at C:\WebServer\Apache24\htdocs\EasyVueApi\node_modules\express\lib\router\index.js:284:15
[10/11/2022 09:41:45] Request Url: '/api/trigger/3' Request Type: 'GET' Error: Testando no UseCases
    at FindTriggerController.handle (C:\WebServer\Apache24\htdocs\EasyVueApi\src\application\useCases\FindTrigger\FindTriggerController.ts:10:15)
    at C:\WebServer\Apache24\htdocs\EasyVueApi\src\infra\api\Router.ts:30:42
    at C:\WebServer\Apache24\htdocs\EasyVueApi\src\infra\api\ExpressAdapter.ts:29:26
    at newFn (C:\WebServer\Apache24\htdocs\EasyVueApi\node_modules\express-async-errors\index.js:16:20)
    at Layer.handle [as handle_request] (C:\WebServer\Apache24\htdocs\EasyVueApi\node_modules\express\lib\router\layer.js:95:5)
    at next (C:\WebServer\Apache24\htdocs\EasyVueApi\node_modules\express\lib\router\route.js:144:13)
    at Route.dispatch (C:\WebServer\Apache24\htdocs\EasyVueApi\node_modules\express\lib\router\route.js:114:3)
    at newFn (C:\WebServer\Apache24\htdocs\EasyVueApi\node_modules\express-async-errors\index.js:16:20)
    at Layer.handle [as handle_request] (C:\WebServer\Apache24\htdocs\EasyVueApi\node_modules\express\lib\router\layer.js:95:5)
    at C:\WebServer\Apache24\htdocs\EasyVueApi\node_modules\express\lib\router\index.js:284:15
[10/11/2022 09:42:50] Request Url: /api/trigger/3 Request Type: 'GET' Error: Testando no UseCases
    at FindTriggerController.handle (C:\WebServer\Apache24\htdocs\EasyVueApi\src\application\useCases\FindTrigger\FindTriggerController.ts:10:15)
    at C:\WebServer\Apache24\htdocs\EasyVueApi\src\infra\api\Router.ts:30:42
    at C:\WebServer\Apache24\htdocs\EasyVueApi\src\infra\api\ExpressAdapter.ts:29:26
    at newFn (C:\WebServer\Apache24\htdocs\EasyVueApi\node_modules\express-async-errors\index.js:16:20)
    at Layer.handle [as handle_request] (C:\WebServer\Apache24\htdocs\EasyVueApi\node_modules\express\lib\router\layer.js:95:5)
    at next (C:\WebServer\Apache24\htdocs\EasyVueApi\node_modules\express\lib\router\route.js:144:13)
    at Route.dispatch (C:\WebServer\Apache24\htdocs\EasyVueApi\node_modules\express\lib\router\route.js:114:3)
    at newFn (C:\WebServer\Apache24\htdocs\EasyVueApi\node_modules\express-async-errors\index.js:16:20)
    at Layer.handle [as handle_request] (C:\WebServer\Apache24\htdocs\EasyVueApi\node_modules\express\lib\router\layer.js:95:5)
    at C:\WebServer\Apache24\htdocs\EasyVueApi\node_modules\express\lib\router\index.js:284:15
[10/11/2022 09:54:14] Request Url: /api/trigger/3, Request Type: 'GET' Error: Testando no UseCases
    at FindTriggerController.handle (C:\WebServer\Apache24\htdocs\EasyVueApi\src\application\useCases\FindTrigger\FindTriggerController.ts:10:15)
    at C:\WebServer\Apache24\htdocs\EasyVueApi\src\infra\api\Router.ts:30:42
    at C:\WebServer\Apache24\htdocs\EasyVueApi\src\infra\api\ExpressAdapter.ts:29:26
    at newFn (C:\WebServer\Apache24\htdocs\EasyVueApi\node_modules\express-async-errors\index.js:16:20)
    at Layer.handle [as handle_request] (C:\WebServer\Apache24\htdocs\EasyVueApi\node_modules\express\lib\router\layer.js:95:5)
    at next (C:\WebServer\Apache24\htdocs\EasyVueApi\node_modules\express\lib\router\route.js:144:13)
    at Route.dispatch (C:\WebServer\Apache24\htdocs\EasyVueApi\node_modules\express\lib\router\route.js:114:3)
    at newFn (C:\WebServer\Apache24\htdocs\EasyVueApi\node_modules\express-async-errors\index.js:16:20)
    at Layer.handle [as handle_request] (C:\WebServer\Apache24\htdocs\EasyVueApi\node_modules\express\lib\router\layer.js:95:5)
    at C:\WebServer\Apache24\htdocs\EasyVueApi\node_modules\express\lib\router\index.js:284:15
[10/11/2022 09:57:31] Request Url: /api/trigger/3, Request Type: 'GET' Error: Testando no UseCases
    at FindTriggerController.handle (C:\WebServer\Apache24\htdocs\EasyVueApi\src\application\useCases\FindTrigger\FindTriggerController.ts:10:15)
    at C:\WebServer\Apache24\htdocs\EasyVueApi\src\infra\api\Router.ts:30:42
    at C:\WebServer\Apache24\htdocs\EasyVueApi\src\infra\api\ExpressAdapter.ts:29:26
    at newFn (C:\WebServer\Apache24\htdocs\EasyVueApi\node_modules\express-async-errors\index.js:16:20)
    at Layer.handle [as handle_request] (C:\WebServer\Apache24\htdocs\EasyVueApi\node_modules\express\lib\router\layer.js:95:5)
    at next (C:\WebServer\Apache24\htdocs\EasyVueApi\node_modules\express\lib\router\route.js:144:13)
    at Route.dispatch (C:\WebServer\Apache24\htdocs\EasyVueApi\node_modules\express\lib\router\route.js:114:3)
    at newFn (C:\WebServer\Apache24\htdocs\EasyVueApi\node_modules\express-async-errors\index.js:16:20)
    at Layer.handle [as handle_request] (C:\WebServer\Apache24\htdocs\EasyVueApi\node_modules\express\lib\router\layer.js:95:5)
    at C:\WebServer\Apache24\htdocs\EasyVueApi\node_modules\express\lib\router\index.js:284:15
[10/11/2022 09:58:05] Request Url: /api/trigger/3, Request Type: 'GET' Error: Testando no UseCases
    at FindTriggerController.handle (C:\WebServer\Apache24\htdocs\EasyVueApi\src\application\useCases\FindTrigger\FindTriggerController.ts:10:15)
    at C:\WebServer\Apache24\htdocs\EasyVueApi\src\infra\api\Router.ts:22:42
    at C:\WebServer\Apache24\htdocs\EasyVueApi\src\infra\api\ExpressAdapter.ts:29:26
    at newFn (C:\WebServer\Apache24\htdocs\EasyVueApi\node_modules\express-async-errors\index.js:16:20)
    at Layer.handle [as handle_request] (C:\WebServer\Apache24\htdocs\EasyVueApi\node_modules\express\lib\router\layer.js:95:5)
    at next (C:\WebServer\Apache24\htdocs\EasyVueApi\node_modules\express\lib\router\route.js:144:13)
    at Route.dispatch (C:\WebServer\Apache24\htdocs\EasyVueApi\node_modules\express\lib\router\route.js:114:3)
    at newFn (C:\WebServer\Apache24\htdocs\EasyVueApi\node_modules\express-async-errors\index.js:16:20)
    at Layer.handle [as handle_request] (C:\WebServer\Apache24\htdocs\EasyVueApi\node_modules\express\lib\router\layer.js:95:5)
    at C:\WebServer\Apache24\htdocs\EasyVueApi\node_modules\express\lib\router\index.js:284:15
[10/11/2022 09:59:43] Request Url: /api/trigger/3, Request Type: 'GET' Error: Oi error loucao
    at C:\WebServer\Apache24\htdocs\EasyVueApi\src\infra\api\Router.ts:22:19
    at C:\WebServer\Apache24\htdocs\EasyVueApi\src\infra\api\ExpressAdapter.ts:26:26
    at newFn (C:\WebServer\Apache24\htdocs\EasyVueApi\node_modules\express-async-errors\index.js:16:20)
    at Layer.handle [as handle_request] (C:\WebServer\Apache24\htdocs\EasyVueApi\node_modules\express\lib\router\layer.js:95:5)
    at next (C:\WebServer\Apache24\htdocs\EasyVueApi\node_modules\express\lib\router\route.js:144:13)
    at Route.dispatch (C:\WebServer\Apache24\htdocs\EasyVueApi\node_modules\express\lib\router\route.js:114:3)
    at newFn (C:\WebServer\Apache24\htdocs\EasyVueApi\node_modules\express-async-errors\index.js:16:20)
    at Layer.handle [as handle_request] (C:\WebServer\Apache24\htdocs\EasyVueApi\node_modules\express\lib\router\layer.js:95:5)
    at C:\WebServer\Apache24\htdocs\EasyVueApi\node_modules\express\lib\router\index.js:284:15
    at param (C:\WebServer\Apache24\htdocs\EasyVueApi\node_modules\express\lib\router\index.js:365:14)
[25/11/2022 09:24:46] Request Url: /api/pass/machineEvent, Request Type: 'GET' Error: connect ETIMEDOUT 10.20.29.231:5432
    at TCPConnectWrap.afterConnect [as oncomplete] (node:net:1247:16)
[25/11/2022 09:27:55] Request Url: /api/task, Request Type: 'POST' TypeError: Cannot destructure property 'triggerId' of 'body' as it is undefined.
    at CreateTaskController.handle (C:\WebServer\Apache24\htdocs\EasyVueAPI\src\application\useCases\CreateTask\CreateTaskController.ts:9:17)
    at C:\WebServer\Apache24\htdocs\EasyVueAPI\src\infra\api\Router.ts:33:41
    at C:\WebServer\Apache24\htdocs\EasyVueAPI\src\infra\api\ExpressAdapter.ts:31:26
    at newFn (C:\WebServer\Apache24\htdocs\EasyVueAPI\node_modules\express-async-errors\index.js:16:20)
    at Layer.handle [as handle_request] (C:\WebServer\Apache24\htdocs\EasyVueAPI\node_modules\express\lib\router\layer.js:95:5)
    at next (C:\WebServer\Apache24\htdocs\EasyVueAPI\node_modules\express\lib\router\route.js:144:13)
    at Route.dispatch (C:\WebServer\Apache24\htdocs\EasyVueAPI\node_modules\express\lib\router\route.js:114:3)
    at newFn (C:\WebServer\Apache24\htdocs\EasyVueAPI\node_modules\express-async-errors\index.js:16:20)
    at Layer.handle [as handle_request] (C:\WebServer\Apache24\htdocs\EasyVueAPI\node_modules\express\lib\router\layer.js:95:5)
    at C:\WebServer\Apache24\htdocs\EasyVueAPI\node_modules\express\lib\router\index.js:284:15
